This is pdfTeX, Version 3.14159265-2.6-1.40.17 (TeX Live 2016/Debian) (preloaded format=pdflatex 2018.2.1)  22 FEB 2018 12:24
entering extended mode
 \write18 enabled.
 %&-line parsing enabled.
**algebra1.tex
(./algebra1.tex
LaTeX2e <2017/01/01> patch level 3
Babel <3.9r> and hyphenation patterns for 83 language(s) loaded.
(/usr/share/texlive/texmf-dist/tex/latex/base/article.cls
Document Class: article 2014/09/29 v1.4h Standard LaTeX document class
(/usr/share/texlive/texmf-dist/tex/latex/base/size10.clo
File: size10.clo 2014/09/29 v1.4h Standard LaTeX file (size option)
)
\c@part=\count79
\c@section=\count80
\c@subsection=\count81
\c@subsubsection=\count82
\c@paragraph=\count83
\c@subparagraph=\count84
\c@figure=\count85
\c@table=\count86
\abovecaptionskip=\skip41
\belowcaptionskip=\skip42
\bibindent=\dimen102
)
(/usr/share/texlive/texmf-dist/tex/generic/babel/babel.sty
Package: babel 2016/04/23 3.9r The Babel package

(/usr/share/texlive/texmf-dist/tex/generic/babel-spanish/spanish.ldf
Language: spanish.ldf 2016/03/03 v5.0p Spanish support from the babel system

(/usr/share/texlive/texmf-dist/tex/generic/babel/babel.def
File: babel.def 2016/04/23 3.9r Babel common definitions
\babel@savecnt=\count87
\U@D=\dimen103
)
\es@quottoks=\toks14
\es@quotdepth=\count88
Package babel Info: Making " an active character on input line 561.
Package babel Info: Making . an active character on input line 662.
))
(/usr/share/texlive/texmf-dist/tex/latex/base/inputenc.sty
Package: inputenc 2015/03/17 v1.2c Input encoding file
\inpenc@prehook=\toks15
\inpenc@posthook=\toks16

(/usr/share/texlive/texmf-dist/tex/latex/base/utf8.def
File: utf8.def 2017/01/28 v1.1t UTF-8 support for inputenc
Now handling font encoding OML ...
... no UTF-8 mapping file for font encoding OML
Now handling font encoding T1 ...
... processing UTF-8 mapping file for font encoding T1

(/usr/share/texlive/texmf-dist/tex/latex/base/t1enc.dfu
File: t1enc.dfu 2017/01/28 v1.1t UTF-8 support for inputenc
   defining Unicode char U+00A0 (decimal 160)
   defining Unicode char U+00A1 (decimal 161)
   defining Unicode char U+00A3 (decimal 163)
   defining Unicode char U+00AB (decimal 171)
   defining Unicode char U+00AD (decimal 173)
   defining Unicode char U+00BB (decimal 187)
   defining Unicode char U+00BF (decimal 191)
   defining Unicode char U+00C0 (decimal 192)
   defining Unicode char U+00C1 (decimal 193)
   defining Unicode char U+00C2 (decimal 194)
   defining Unicode char U+00C3 (decimal 195)
   defining Unicode char U+00C4 (decimal 196)
   defining Unicode char U+00C5 (decimal 197)
   defining Unicode char U+00C6 (decimal 198)
   defining Unicode char U+00C7 (decimal 199)
   defining Unicode char U+00C8 (decimal 200)
   defining Unicode char U+00C9 (decimal 201)
   defining Unicode char U+00CA (decimal 202)
   defining Unicode char U+00CB (decimal 203)
   defining Unicode char U+00CC (decimal 204)
   defining Unicode char U+00CD (decimal 205)
   defining Unicode char U+00CE (decimal 206)
   defining Unicode char U+00CF (decimal 207)
   defining Unicode char U+00D0 (decimal 208)
   defining Unicode char U+00D1 (decimal 209)
   defining Unicode char U+00D2 (decimal 210)
   defining Unicode char U+00D3 (decimal 211)
   defining Unicode char U+00D4 (decimal 212)
   defining Unicode char U+00D5 (decimal 213)
   defining Unicode char U+00D6 (decimal 214)
   defining Unicode char U+00D8 (decimal 216)
   defining Unicode char U+00D9 (decimal 217)
   defining Unicode char U+00DA (decimal 218)
   defining Unicode char U+00DB (decimal 219)
   defining Unicode char U+00DC (decimal 220)
   defining Unicode char U+00DD (decimal 221)
   defining Unicode char U+00DE (decimal 222)
   defining Unicode char U+00DF (decimal 223)
   defining Unicode char U+00E0 (decimal 224)
   defining Unicode char U+00E1 (decimal 225)
   defining Unicode char U+00E2 (decimal 226)
   defining Unicode char U+00E3 (decimal 227)
   defining Unicode char U+00E4 (decimal 228)
   defining Unicode char U+00E5 (decimal 229)
   defining Unicode char U+00E6 (decimal 230)
   defining Unicode char U+00E7 (decimal 231)
   defining Unicode char U+00E8 (decimal 232)
   defining Unicode char U+00E9 (decimal 233)
   defining Unicode char U+00EA (decimal 234)
   defining Unicode char U+00EB (decimal 235)
   defining Unicode char U+00EC (decimal 236)
   defining Unicode char U+00ED (decimal 237)
   defining Unicode char U+00EE (decimal 238)
   defining Unicode char U+00EF (decimal 239)
   defining Unicode char U+00F0 (decimal 240)
   defining Unicode char U+00F1 (decimal 241)
   defining Unicode char U+00F2 (decimal 242)
   defining Unicode char U+00F3 (decimal 243)
   defining Unicode char U+00F4 (decimal 244)
   defining Unicode char U+00F5 (decimal 245)
   defining Unicode char U+00F6 (decimal 246)
   defining Unicode char U+00F8 (decimal 248)
   defining Unicode char U+00F9 (decimal 249)
   defining Unicode char U+00FA (decimal 250)
   defining Unicode char U+00FB (decimal 251)
   defining Unicode char U+00FC (decimal 252)
   defining Unicode char U+00FD (decimal 253)
   defining Unicode char U+00FE (decimal 254)
   defining Unicode char U+00FF (decimal 255)
   defining Unicode char U+0100 (decimal 256)
   defining Unicode char U+0101 (decimal 257)
   defining Unicode char U+0102 (decimal 258)
   defining Unicode char U+0103 (decimal 259)
   defining Unicode char U+0104 (decimal 260)
   defining Unicode char U+0105 (decimal 261)
   defining Unicode char U+0106 (decimal 262)
   defining Unicode char U+0107 (decimal 263)
   defining Unicode char U+0108 (decimal 264)
   defining Unicode char U+0109 (decimal 265)
   defining Unicode char U+010A (decimal 266)
   defining Unicode char U+010B (decimal 267)
   defining Unicode char U+010C (decimal 268)
   defining Unicode char U+010D (decimal 269)
   defining Unicode char U+010E (decimal 270)
   defining Unicode char U+010F (decimal 271)
   defining Unicode char U+0110 (decimal 272)
   defining Unicode char U+0111 (decimal 273)
   defining Unicode char U+0112 (decimal 274)
   defining Unicode char U+0113 (decimal 275)
   defining Unicode char U+0114 (decimal 276)
   defining Unicode char U+0115 (decimal 277)
   defining Unicode char U+0116 (decimal 278)
   defining Unicode char U+0117 (decimal 279)
   defining Unicode char U+0118 (decimal 280)
   defining Unicode char U+0119 (decimal 281)
   defining Unicode char U+011A (decimal 282)
   defining Unicode char U+011B (decimal 283)
   defining Unicode char U+011C (decimal 284)
   defining Unicode char U+011D (decimal 285)
   defining Unicode char U+011E (decimal 286)
   defining Unicode char U+011F (decimal 287)
   defining Unicode char U+0120 (decimal 288)
   defining Unicode char U+0121 (decimal 289)
   defining Unicode char U+0122 (decimal 290)
   defining Unicode char U+0123 (decimal 291)
   defining Unicode char U+0124 (decimal 292)
   defining Unicode char U+0125 (decimal 293)
   defining Unicode char U+0128 (decimal 296)
   defining Unicode char U+0129 (decimal 297)
   defining Unicode char U+012A (decimal 298)
   defining Unicode char U+012B (decimal 299)
   defining Unicode char U+012C (decimal 300)
   defining Unicode char U+012D (decimal 301)
   defining Unicode char U+012E (decimal 302)
   defining Unicode char U+012F (decimal 303)
   defining Unicode char U+0130 (decimal 304)
   defining Unicode char U+0131 (decimal 305)
   defining Unicode char U+0132 (decimal 306)
   defining Unicode char U+0133 (decimal 307)
   defining Unicode char U+0134 (decimal 308)
   defining Unicode char U+0135 (decimal 309)
   defining Unicode char U+0136 (decimal 310)
   defining Unicode char U+0137 (decimal 311)
   defining Unicode char U+0139 (decimal 313)
   defining Unicode char U+013A (decimal 314)
   defining Unicode char U+013B (decimal 315)
   defining Unicode char U+013C (decimal 316)
   defining Unicode char U+013D (decimal 317)
   defining Unicode char U+013E (decimal 318)
   defining Unicode char U+0141 (decimal 321)
   defining Unicode char U+0142 (decimal 322)
   defining Unicode char U+0143 (decimal 323)
   defining Unicode char U+0144 (decimal 324)
   defining Unicode char U+0145 (decimal 325)
   defining Unicode char U+0146 (decimal 326)
   defining Unicode char U+0147 (decimal 327)
   defining Unicode char U+0148 (decimal 328)
   defining Unicode char U+014A (decimal 330)
   defining Unicode char U+014B (decimal 331)
   defining Unicode char U+014C (decimal 332)
   defining Unicode char U+014D (decimal 333)
   defining Unicode char U+014E (decimal 334)
   defining Unicode char U+014F (decimal 335)
   defining Unicode char U+0150 (decimal 336)
   defining Unicode char U+0151 (decimal 337)
   defining Unicode char U+0152 (decimal 338)
   defining Unicode char U+0153 (decimal 339)
   defining Unicode char U+0154 (decimal 340)
   defining Unicode char U+0155 (decimal 341)
   defining Unicode char U+0156 (decimal 342)
   defining Unicode char U+0157 (decimal 343)
   defining Unicode char U+0158 (decimal 344)
   defining Unicode char U+0159 (decimal 345)
   defining Unicode char U+015A (decimal 346)
   defining Unicode char U+015B (decimal 347)
   defining Unicode char U+015C (decimal 348)
   defining Unicode char U+015D (decimal 349)
   defining Unicode char U+015E (decimal 350)
   defining Unicode char U+015F (decimal 351)
   defining Unicode char U+0160 (decimal 352)
   defining Unicode char U+0161 (decimal 353)
   defining Unicode char U+0162 (decimal 354)
   defining Unicode char U+0163 (decimal 355)
   defining Unicode char U+0164 (decimal 356)
   defining Unicode char U+0165 (decimal 357)
   defining Unicode char U+0168 (decimal 360)
   defining Unicode char U+0169 (decimal 361)
   defining Unicode char U+016A (decimal 362)
   defining Unicode char U+016B (decimal 363)
   defining Unicode char U+016C (decimal 364)
   defining Unicode char U+016D (decimal 365)
   defining Unicode char U+016E (decimal 366)
   defining Unicode char U+016F (decimal 367)
   defining Unicode char U+0170 (decimal 368)
   defining Unicode char U+0171 (decimal 369)
   defining Unicode char U+0172 (decimal 370)
   defining Unicode char U+0173 (decimal 371)
   defining Unicode char U+0174 (decimal 372)
   defining Unicode char U+0175 (decimal 373)
   defining Unicode char U+0176 (decimal 374)
   defining Unicode char U+0177 (decimal 375)
   defining Unicode char U+0178 (decimal 376)
   defining Unicode char U+0179 (decimal 377)
   defining Unicode char U+017A (decimal 378)
   defining Unicode char U+017B (decimal 379)
   defining Unicode char U+017C (decimal 380)
   defining Unicode char U+017D (decimal 381)
   defining Unicode char U+017E (decimal 382)
   defining Unicode char U+01CD (decimal 461)
   defining Unicode char U+01CE (decimal 462)
   defining Unicode char U+01CF (decimal 463)
   defining Unicode char U+01D0 (decimal 464)
   defining Unicode char U+01D1 (decimal 465)
   defining Unicode char U+01D2 (decimal 466)
   defining Unicode char U+01D3 (decimal 467)
   defining Unicode char U+01D4 (decimal 468)
   defining Unicode char U+01E2 (decimal 482)
   defining Unicode char U+01E3 (decimal 483)
   defining Unicode char U+01E6 (decimal 486)
   defining Unicode char U+01E7 (decimal 487)
   defining Unicode char U+01E8 (decimal 488)
   defining Unicode char U+01E9 (decimal 489)
   defining Unicode char U+01EA (decimal 490)
   defining Unicode char U+01EB (decimal 491)
   defining Unicode char U+01F0 (decimal 496)
   defining Unicode char U+01F4 (decimal 500)
   defining Unicode char U+01F5 (decimal 501)
   defining Unicode char U+0218 (decimal 536)
   defining Unicode char U+0219 (decimal 537)
   defining Unicode char U+021A (decimal 538)
   defining Unicode char U+021B (decimal 539)
   defining Unicode char U+0232 (decimal 562)
   defining Unicode char U+0233 (decimal 563)
   defining Unicode char U+1E02 (decimal 7682)
   defining Unicode char U+1E03 (decimal 7683)
   defining Unicode char U+200C (decimal 8204)
   defining Unicode char U+2010 (decimal 8208)
   defining Unicode char U+2011 (decimal 8209)
   defining Unicode char U+2012 (decimal 8210)
   defining Unicode char U+2013 (decimal 8211)
   defining Unicode char U+2014 (decimal 8212)
   defining Unicode char U+2015 (decimal 8213)
   defining Unicode char U+2018 (decimal 8216)
   defining Unicode char U+2019 (decimal 8217)
   defining Unicode char U+201A (decimal 8218)
   defining Unicode char U+201C (decimal 8220)
   defining Unicode char U+201D (decimal 8221)
   defining Unicode char U+201E (decimal 8222)
   defining Unicode char U+2030 (decimal 8240)
   defining Unicode char U+2031 (decimal 8241)
   defining Unicode char U+2039 (decimal 8249)
   defining Unicode char U+203A (decimal 8250)
   defining Unicode char U+2423 (decimal 9251)
   defining Unicode char U+1E20 (decimal 7712)
   defining Unicode char U+1E21 (decimal 7713)
)
Now handling font encoding OT1 ...
... processing UTF-8 mapping file for font encoding OT1

(/usr/share/texlive/texmf-dist/tex/latex/base/ot1enc.dfu
File: ot1enc.dfu 2017/01/28 v1.1t UTF-8 support for inputenc
   defining Unicode char U+00A0 (decimal 160)
   defining Unicode char U+00A1 (decimal 161)
   defining Unicode char U+00A3 (decimal 163)
   defining Unicode char U+00AD (decimal 173)
   defining Unicode char U+00B8 (decimal 184)
   defining Unicode char U+00BF (decimal 191)
   defining Unicode char U+00C5 (decimal 197)
   defining Unicode char U+00C6 (decimal 198)
   defining Unicode char U+00D8 (decimal 216)
   defining Unicode char U+00DF (decimal 223)
   defining Unicode char U+00E6 (decimal 230)
   defining Unicode char U+00EC (decimal 236)
   defining Unicode char U+00ED (decimal 237)
   defining Unicode char U+00EE (decimal 238)
   defining Unicode char U+00EF (decimal 239)
   defining Unicode char U+00F8 (decimal 248)
   defining Unicode char U+0131 (decimal 305)
   defining Unicode char U+0141 (decimal 321)
   defining Unicode char U+0142 (decimal 322)
   defining Unicode char U+0152 (decimal 338)
   defining Unicode char U+0153 (decimal 339)
   defining Unicode char U+0174 (decimal 372)
   defining Unicode char U+0175 (decimal 373)
   defining Unicode char U+0176 (decimal 374)
   defining Unicode char U+0177 (decimal 375)
   defining Unicode char U+0218 (decimal 536)
   defining Unicode char U+0219 (decimal 537)
   defining Unicode char U+021A (decimal 538)
   defining Unicode char U+021B (decimal 539)
   defining Unicode char U+2013 (decimal 8211)
   defining Unicode char U+2014 (decimal 8212)
   defining Unicode char U+2018 (decimal 8216)
   defining Unicode char U+2019 (decimal 8217)
   defining Unicode char U+201C (decimal 8220)
   defining Unicode char U+201D (decimal 8221)
)
Now handling font encoding OMS ...
... processing UTF-8 mapping file for font encoding OMS

(/usr/share/texlive/texmf-dist/tex/latex/base/omsenc.dfu
File: omsenc.dfu 2017/01/28 v1.1t UTF-8 support for inputenc
   defining Unicode char U+00A7 (decimal 167)
   defining Unicode char U+00B6 (decimal 182)
   defining Unicode char U+00B7 (decimal 183)
   defining Unicode char U+2020 (decimal 8224)
   defining Unicode char U+2021 (decimal 8225)
   defining Unicode char U+2022 (decimal 8226)
)
Now handling font encoding OMX ...
... no UTF-8 mapping file for font encoding OMX
Now handling font encoding U ...
... no UTF-8 mapping file for font encoding U
   defining Unicode char U+00A9 (decimal 169)
   defining Unicode char U+00AA (decimal 170)
   defining Unicode char U+00AE (decimal 174)
   defining Unicode char U+00BA (decimal 186)
   defining Unicode char U+02C6 (decimal 710)
   defining Unicode char U+02DC (decimal 732)
   defining Unicode char U+200C (decimal 8204)
   defining Unicode char U+2026 (decimal 8230)
   defining Unicode char U+2122 (decimal 8482)
   defining Unicode char U+2423 (decimal 9251)
))
LaTeX Info: Redefining \. on input line 11.
LaTeX Info: Redefining \% on input line 11.

(/usr/share/texlive/texmf-dist/tex/latex/psnfss/courier.sty
Package: courier 2005/04/12 PSNFSS-v9.2a (WaS) 
)
(/usr/share/texlive/texmf-dist/tex/latex/microtype/microtype.sty
Package: microtype 2016/05/14 v2.6a Micro-typographical refinements (RS)

(/usr/share/texlive/texmf-dist/tex/latex/graphics/keyval.sty
Package: keyval 2014/10/28 v1.15 key=value parser (DPC)
\KV@toks@=\toks17
)
\MT@toks=\toks18
\MT@count=\count89
LaTeX Info: Redefining \textls on input line 774.
\MT@outer@kern=\dimen104
LaTeX Info: Redefining \textmicrotypecontext on input line 1310.
\MT@listname@count=\count90

(/usr/share/texlive/texmf-dist/tex/latex/microtype/microtype-pdftex.def
File: microtype-pdftex.def 2016/05/14 v2.6a Definitions specific to pdftex (RS)

LaTeX Info: Redefining \lsstyle on input line 916.
LaTeX Info: Redefining \lslig on input line 916.
\MT@outer@space=\skip43
)
Package microtype Info: Loading configuration file microtype.cfg.

(/usr/share/texlive/texmf-dist/tex/latex/microtype/microtype.cfg
File: microtype.cfg 2016/05/14 v2.6a microtype main configuration file (RS)
))
(/usr/share/texlive/texmf-dist/tex/latex/algorithmicx/algpseudocode.sty
Package: algpseudocode 

(/usr/share/texlive/texmf-dist/tex/latex/base/ifthen.sty
Package: ifthen 2014/09/29 v1.1c Standard LaTeX ifthen package (DPC)
)
(/usr/share/texlive/texmf-dist/tex/latex/algorithmicx/algorithmicx.sty
Package: algorithmicx 2005/04/27 v1.2 Algorithmicx

Document Style algorithmicx 1.2 - a greatly improved `algorithmic' style
\c@ALG@line=\count91
\c@ALG@rem=\count92
\c@ALG@nested=\count93
\ALG@tlm=\skip44
\ALG@thistlm=\skip45
\c@ALG@Lnr=\count94
\c@ALG@blocknr=\count95
\c@ALG@storecount=\count96
\c@ALG@tmpcounter=\count97
\ALG@tmplength=\skip46
)
Document Style - pseudocode environments for use with the `algorithmicx' style
) (/usr/share/texlive/texmf-dist/tex/latex/algorithms/algorithm.sty
Package: algorithm 2009/08/24 v0.1 Document Style `algorithm' - floating enviro
nment

(/usr/share/texlive/texmf-dist/tex/latex/float/float.sty
Package: float 2001/11/08 v1.3d Float enhancements (AL)
\c@float@type=\count98
\float@exts=\toks19
\float@box=\box26
\@float@everytoks=\toks20
\@floatcapt=\box27
)
\@float@every@algorithm=\toks21
\c@algorithm=\count99
)
(/usr/share/texlive/texmf-dist/tex/latex/placeins/placeins.sty
Package: placeins 2005/04/18  v 2.2
)
(/usr/share/texlive/texmf-dist/tex/latex/fancyhdr/fancyhdr.sty
Package: fancyhdr 2016/09/06 3.8 Extensive control of page headers and footers
\fancy@headwidth=\skip47
\f@ncyO@elh=\skip48
\f@ncyO@erh=\skip49
\f@ncyO@olh=\skip50
\f@ncyO@orh=\skip51
\f@ncyO@elf=\skip52
\f@ncyO@erf=\skip53
\f@ncyO@olf=\skip54
\f@ncyO@orf=\skip55
)
(/usr/share/texlive/texmf-dist/tex/latex/lastpage/lastpage.sty
Package: lastpage 2015/03/29 v1.2m Refers to last page's name (HMM; JPG)
)
(/usr/share/texlive/texmf-dist/tex/latex/fancyhdr/extramarks.sty
Package: extramarks 2016/08/27 2.1 Extra marks
\@temptokenb=\toks22
)
(/usr/share/texlive/texmf-dist/tex/latex/parskip/parskip.sty
Package: parskip 2001/04/09 non-zero parskip adjustments
)
(/usr/share/texlive/texmf-dist/tex/latex/geometry/geometry.sty
Package: geometry 2010/09/12 v5.6 Page Geometry

(/usr/share/texlive/texmf-dist/tex/generic/oberdiek/ifpdf.sty
Package: ifpdf 2016/05/14 v3.1 Provides the ifpdf switch
)
(/usr/share/texlive/texmf-dist/tex/generic/oberdiek/ifvtex.sty
Package: ifvtex 2016/05/16 v1.6 Detect VTeX and its facilities (HO)
Package ifvtex Info: VTeX not detected.
)
(/usr/share/texlive/texmf-dist/tex/generic/ifxetex/ifxetex.sty
Package: ifxetex 2010/09/12 v0.6 Provides ifxetex conditional
)
\Gm@cnth=\count100
\Gm@cntv=\count101
\c@Gm@tempcnt=\count102
\Gm@bindingoffset=\dimen105
\Gm@wd@mp=\dimen106
\Gm@odd@mp=\dimen107
\Gm@even@mp=\dimen108
\Gm@layoutwidth=\dimen109
\Gm@layoutheight=\dimen110
\Gm@layouthoffset=\dimen111
\Gm@layoutvoffset=\dimen112
\Gm@dimlist=\toks23
)
(/usr/share/texlive/texmf-dist/tex/latex/amsmath/amsmath.sty
Package: amsmath 2016/11/05 v2.16a AMS math features
\@mathmargin=\skip56

For additional information on amsmath, use the `?' option.
(/usr/share/texlive/texmf-dist/tex/latex/amsmath/amstext.sty
Package: amstext 2000/06/29 v2.01 AMS text

(/usr/share/texlive/texmf-dist/tex/latex/amsmath/amsgen.sty
File: amsgen.sty 1999/11/30 v2.0 generic functions
\@emptytoks=\toks24
\ex@=\dimen113
))
(/usr/share/texlive/texmf-dist/tex/latex/amsmath/amsbsy.sty
Package: amsbsy 1999/11/29 v1.2d Bold Symbols
\pmbraise@=\dimen114
)
(/usr/share/texlive/texmf-dist/tex/latex/amsmath/amsopn.sty
Package: amsopn 2016/03/08 v2.02 operator names
)
\inf@bad=\count103
LaTeX Info: Redefining \frac on input line 213.
\uproot@=\count104
\leftroot@=\count105
LaTeX Info: Redefining \overline on input line 375.
\classnum@=\count106
\DOTSCASE@=\count107
LaTeX Info: Redefining \ldots on input line 472.
LaTeX Info: Redefining \dots on input line 475.
LaTeX Info: Redefining \cdots on input line 596.
\Mathstrutbox@=\box28
\strutbox@=\box29
\big@size=\dimen115
LaTeX Font Info:    Redeclaring font encoding OML on input line 712.
LaTeX Font Info:    Redeclaring font encoding OMS on input line 713.
\macc@depth=\count108
\c@MaxMatrixCols=\count109
\dotsspace@=\muskip10
\c@parentequation=\count110
\dspbrk@lvl=\count111
\tag@help=\toks25
\row@=\count112
\column@=\count113
\maxfields@=\count114
\andhelp@=\toks26
\eqnshift@=\dimen116
\alignsep@=\dimen117
\tagshift@=\dimen118
\tagwidth@=\dimen119
\totwidth@=\dimen120
\lineht@=\dimen121
\@envbody=\toks27
\multlinegap=\skip57
\multlinetaggap=\skip58
\mathdisplay@stack=\toks28
LaTeX Info: Redefining \[ on input line 2817.
LaTeX Info: Redefining \] on input line 2818.
)
(/usr/share/texlive/texmf-dist/tex/latex/amscls/amsthm.sty
Package: amsthm 2015/03/04 v2.20.2
\thm@style=\toks29
\thm@bodyfont=\toks30
\thm@headfont=\toks31
\thm@notefont=\toks32
\thm@headpunct=\toks33
\thm@preskip=\skip59
\thm@postskip=\skip60
\thm@headsep=\skip61
\dth@everypar=\toks34
)
(/usr/share/texlive/texmf-dist/tex/latex/amsfonts/amssymb.sty
Package: amssymb 2013/01/14 v3.01 AMS font symbols

(/usr/share/texlive/texmf-dist/tex/latex/amsfonts/amsfonts.sty
Package: amsfonts 2013/01/14 v3.01 Basic AMSFonts support
\symAMSa=\mathgroup4
\symAMSb=\mathgroup5
LaTeX Font Info:    Overwriting math alphabet `\mathfrak' in version `bold'
(Font)                  U/euf/m/n --> U/euf/b/n on input line 106.
))
(/usr/share/texlive/texmf-dist/tex/latex/amsmath/amscd.sty
Package: amscd 1999/11/29 v2.0 AMS Commutatitive Diagrams
\athelp@=\toks35
\minaw@=\dimen122
\bigaw@=\dimen123
\minCDarrowwidth=\dimen124
)
(/usr/share/texlive/texmf-dist/tex/latex/tikz-cd/tikz-cd.sty
Package: tikz-cd 2014/10/30 v0.9e Commutative diagrams with tikz

(/usr/share/texlive/texmf-dist/tex/latex/pgf/frontendlayer/tikz.sty
(/usr/share/texlive/texmf-dist/tex/latex/pgf/basiclayer/pgf.sty
(/usr/share/texlive/texmf-dist/tex/latex/pgf/utilities/pgfrcs.sty
(/usr/share/texlive/texmf-dist/tex/generic/pgf/utilities/pgfutil-common.tex
\pgfutil@everybye=\toks36
\pgfutil@tempdima=\dimen125
\pgfutil@tempdimb=\dimen126

(/usr/share/texlive/texmf-dist/tex/generic/pgf/utilities/pgfutil-common-lists.t
ex)) (/usr/share/texlive/texmf-dist/tex/generic/pgf/utilities/pgfutil-latex.def
\pgfutil@abb=\box30
(/usr/share/texlive/texmf-dist/tex/latex/ms/everyshi.sty
Package: everyshi 2001/05/15 v3.00 EveryShipout Package (MS)
))
(/usr/share/texlive/texmf-dist/tex/generic/pgf/utilities/pgfrcs.code.tex
Package: pgfrcs 2015/08/07 v3.0.1a (rcs-revision 1.31)
))
Package: pgf 2015/08/07 v3.0.1a (rcs-revision 1.15)

(/usr/share/texlive/texmf-dist/tex/latex/pgf/basiclayer/pgfcore.sty
(/usr/share/texlive/texmf-dist/tex/latex/graphics/graphicx.sty
Package: graphicx 2014/10/28 v1.0g Enhanced LaTeX Graphics (DPC,SPQR)

(/usr/share/texlive/texmf-dist/tex/latex/graphics/graphics.sty
Package: graphics 2016/10/09 v1.0u Standard LaTeX Graphics (DPC,SPQR)

(/usr/share/texlive/texmf-dist/tex/latex/graphics/trig.sty
Package: trig 2016/01/03 v1.10 sin cos tan (DPC)
)
(/usr/share/texlive/texmf-dist/tex/latex/graphics-cfg/graphics.cfg
File: graphics.cfg 2016/06/04 v1.11 sample graphics configuration
)
Package graphics Info: Driver file: pdftex.def on input line 99.

(/usr/share/texlive/texmf-dist/tex/latex/graphics-def/pdftex.def
File: pdftex.def 2017/01/12 v0.06k Graphics/color for pdfTeX

(/usr/share/texlive/texmf-dist/tex/generic/oberdiek/infwarerr.sty
Package: infwarerr 2016/05/16 v1.4 Providing info/warning/error messages (HO)
)
(/usr/share/texlive/texmf-dist/tex/generic/oberdiek/ltxcmds.sty
Package: ltxcmds 2016/05/16 v1.23 LaTeX kernel commands for general use (HO)
)
\Gread@gobject=\count115
))
\Gin@req@height=\dimen127
\Gin@req@width=\dimen128
)
(/usr/share/texlive/texmf-dist/tex/latex/pgf/systemlayer/pgfsys.sty
(/usr/share/texlive/texmf-dist/tex/generic/pgf/systemlayer/pgfsys.code.tex
Package: pgfsys 2014/07/09 v3.0.1a (rcs-revision 1.48)

(/usr/share/texlive/texmf-dist/tex/generic/pgf/utilities/pgfkeys.code.tex
\pgfkeys@pathtoks=\toks37
\pgfkeys@temptoks=\toks38

(/usr/share/texlive/texmf-dist/tex/generic/pgf/utilities/pgfkeysfiltered.code.t
ex
\pgfkeys@tmptoks=\toks39
))
\pgf@x=\dimen129
\pgf@y=\dimen130
\pgf@xa=\dimen131
\pgf@ya=\dimen132
\pgf@xb=\dimen133
\pgf@yb=\dimen134
\pgf@xc=\dimen135
\pgf@yc=\dimen136
\w@pgf@writea=\write3
\r@pgf@reada=\read1
\c@pgf@counta=\count116
\c@pgf@countb=\count117
\c@pgf@countc=\count118
\c@pgf@countd=\count119
\t@pgf@toka=\toks40
\t@pgf@tokb=\toks41
\t@pgf@tokc=\toks42
 (/usr/share/texlive/texmf-dist/tex/generic/pgf/systemlayer/pgf.cfg
File: pgf.cfg 2008/05/14  (rcs-revision 1.7)
)
Driver file for pgf: pgfsys-pdftex.def

(/usr/share/texlive/texmf-dist/tex/generic/pgf/systemlayer/pgfsys-pdftex.def
File: pgfsys-pdftex.def 2014/10/11  (rcs-revision 1.35)

(/usr/share/texlive/texmf-dist/tex/generic/pgf/systemlayer/pgfsys-common-pdf.de
f
File: pgfsys-common-pdf.def 2013/10/10  (rcs-revision 1.13)
)))
(/usr/share/texlive/texmf-dist/tex/generic/pgf/systemlayer/pgfsyssoftpath.code.
tex
File: pgfsyssoftpath.code.tex 2013/09/09  (rcs-revision 1.9)
\pgfsyssoftpath@smallbuffer@items=\count120
\pgfsyssoftpath@bigbuffer@items=\count121
)
(/usr/share/texlive/texmf-dist/tex/generic/pgf/systemlayer/pgfsysprotocol.code.
tex
File: pgfsysprotocol.code.tex 2006/10/16  (rcs-revision 1.4)
)) (/usr/share/texlive/texmf-dist/tex/latex/xcolor/xcolor.sty
Package: xcolor 2016/05/11 v2.12 LaTeX color extensions (UK)

(/usr/share/texlive/texmf-dist/tex/latex/graphics-cfg/color.cfg
File: color.cfg 2016/01/02 v1.6 sample color configuration
)
Package xcolor Info: Driver file: pdftex.def on input line 225.
Package xcolor Info: Model `cmy' substituted by `cmy0' on input line 1348.
Package xcolor Info: Model `hsb' substituted by `rgb' on input line 1352.
Package xcolor Info: Model `RGB' extended on input line 1364.
Package xcolor Info: Model `HTML' substituted by `rgb' on input line 1366.
Package xcolor Info: Model `Hsb' substituted by `hsb' on input line 1367.
Package xcolor Info: Model `tHsb' substituted by `hsb' on input line 1368.
Package xcolor Info: Model `HSB' substituted by `hsb' on input line 1369.
Package xcolor Info: Model `Gray' substituted by `gray' on input line 1370.
Package xcolor Info: Model `wave' substituted by `hsb' on input line 1371.
)
(/usr/share/texlive/texmf-dist/tex/generic/pgf/basiclayer/pgfcore.code.tex
Package: pgfcore 2010/04/11 v3.0.1a (rcs-revision 1.7)

(/usr/share/texlive/texmf-dist/tex/generic/pgf/math/pgfmath.code.tex
(/usr/share/texlive/texmf-dist/tex/generic/pgf/math/pgfmathcalc.code.tex
(/usr/share/texlive/texmf-dist/tex/generic/pgf/math/pgfmathutil.code.tex)
(/usr/share/texlive/texmf-dist/tex/generic/pgf/math/pgfmathparser.code.tex
\pgfmath@dimen=\dimen137
\pgfmath@count=\count122
\pgfmath@box=\box31
\pgfmath@toks=\toks43
\pgfmath@stack@operand=\toks44
\pgfmath@stack@operation=\toks45
)
(/usr/share/texlive/texmf-dist/tex/generic/pgf/math/pgfmathfunctions.code.tex
(/usr/share/texlive/texmf-dist/tex/generic/pgf/math/pgfmathfunctions.basic.code
.tex)
(/usr/share/texlive/texmf-dist/tex/generic/pgf/math/pgfmathfunctions.trigonomet
ric.code.tex)
(/usr/share/texlive/texmf-dist/tex/generic/pgf/math/pgfmathfunctions.random.cod
e.tex)
(/usr/share/texlive/texmf-dist/tex/generic/pgf/math/pgfmathfunctions.comparison
.code.tex)
(/usr/share/texlive/texmf-dist/tex/generic/pgf/math/pgfmathfunctions.base.code.
tex)
(/usr/share/texlive/texmf-dist/tex/generic/pgf/math/pgfmathfunctions.round.code
.tex)
(/usr/share/texlive/texmf-dist/tex/generic/pgf/math/pgfmathfunctions.misc.code.
tex)
(/usr/share/texlive/texmf-dist/tex/generic/pgf/math/pgfmathfunctions.integerari
thmetics.code.tex)))
(/usr/share/texlive/texmf-dist/tex/generic/pgf/math/pgfmathfloat.code.tex
\c@pgfmathroundto@lastzeros=\count123
))
(/usr/share/texlive/texmf-dist/tex/generic/pgf/basiclayer/pgfcorepoints.code.te
x
File: pgfcorepoints.code.tex 2013/10/07  (rcs-revision 1.27)
\pgf@picminx=\dimen138
\pgf@picmaxx=\dimen139
\pgf@picminy=\dimen140
\pgf@picmaxy=\dimen141
\pgf@pathminx=\dimen142
\pgf@pathmaxx=\dimen143
\pgf@pathminy=\dimen144
\pgf@pathmaxy=\dimen145
\pgf@xx=\dimen146
\pgf@xy=\dimen147
\pgf@yx=\dimen148
\pgf@yy=\dimen149
\pgf@zx=\dimen150
\pgf@zy=\dimen151
)
(/usr/share/texlive/texmf-dist/tex/generic/pgf/basiclayer/pgfcorepathconstruct.
code.tex
File: pgfcorepathconstruct.code.tex 2013/10/07  (rcs-revision 1.29)
\pgf@path@lastx=\dimen152
\pgf@path@lasty=\dimen153
)
(/usr/share/texlive/texmf-dist/tex/generic/pgf/basiclayer/pgfcorepathusage.code
.tex
File: pgfcorepathusage.code.tex 2014/11/02  (rcs-revision 1.24)
\pgf@shorten@end@additional=\dimen154
\pgf@shorten@start@additional=\dimen155
)
(/usr/share/texlive/texmf-dist/tex/generic/pgf/basiclayer/pgfcorescopes.code.te
x
File: pgfcorescopes.code.tex 2015/05/08  (rcs-revision 1.46)
\pgfpic=\box32
\pgf@hbox=\box33
\pgf@layerbox@main=\box34
\pgf@picture@serial@count=\count124
)
(/usr/share/texlive/texmf-dist/tex/generic/pgf/basiclayer/pgfcoregraphicstate.c
ode.tex
File: pgfcoregraphicstate.code.tex 2014/11/02  (rcs-revision 1.12)
\pgflinewidth=\dimen156
)
(/usr/share/texlive/texmf-dist/tex/generic/pgf/basiclayer/pgfcoretransformation
s.code.tex
File: pgfcoretransformations.code.tex 2015/08/07  (rcs-revision 1.20)
\pgf@pt@x=\dimen157
\pgf@pt@y=\dimen158
\pgf@pt@temp=\dimen159
)
(/usr/share/texlive/texmf-dist/tex/generic/pgf/basiclayer/pgfcorequick.code.tex
File: pgfcorequick.code.tex 2008/10/09  (rcs-revision 1.3)
)
(/usr/share/texlive/texmf-dist/tex/generic/pgf/basiclayer/pgfcoreobjects.code.t
ex
File: pgfcoreobjects.code.tex 2006/10/11  (rcs-revision 1.2)
)
(/usr/share/texlive/texmf-dist/tex/generic/pgf/basiclayer/pgfcorepathprocessing
.code.tex
File: pgfcorepathprocessing.code.tex 2013/09/09  (rcs-revision 1.9)
)
(/usr/share/texlive/texmf-dist/tex/generic/pgf/basiclayer/pgfcorearrows.code.te
x
File: pgfcorearrows.code.tex 2015/05/14  (rcs-revision 1.43)
\pgfarrowsep=\dimen160
)
(/usr/share/texlive/texmf-dist/tex/generic/pgf/basiclayer/pgfcoreshade.code.tex
File: pgfcoreshade.code.tex 2013/07/15  (rcs-revision 1.15)
\pgf@max=\dimen161
\pgf@sys@shading@range@num=\count125
)
(/usr/share/texlive/texmf-dist/tex/generic/pgf/basiclayer/pgfcoreimage.code.tex
File: pgfcoreimage.code.tex 2013/07/15  (rcs-revision 1.18)

(/usr/share/texlive/texmf-dist/tex/generic/pgf/basiclayer/pgfcoreexternal.code.
tex
File: pgfcoreexternal.code.tex 2014/07/09  (rcs-revision 1.21)
\pgfexternal@startupbox=\box35
))
(/usr/share/texlive/texmf-dist/tex/generic/pgf/basiclayer/pgfcorelayers.code.te
x
File: pgfcorelayers.code.tex 2013/07/18  (rcs-revision 1.7)
)
(/usr/share/texlive/texmf-dist/tex/generic/pgf/basiclayer/pgfcoretransparency.c
ode.tex
File: pgfcoretransparency.code.tex 2013/09/30  (rcs-revision 1.5)
)
(/usr/share/texlive/texmf-dist/tex/generic/pgf/basiclayer/pgfcorepatterns.code.
tex
File: pgfcorepatterns.code.tex 2013/11/07  (rcs-revision 1.5)
)))
(/usr/share/texlive/texmf-dist/tex/generic/pgf/modules/pgfmoduleshapes.code.tex
File: pgfmoduleshapes.code.tex 2014/03/21  (rcs-revision 1.35)
\pgfnodeparttextbox=\box36
) (/usr/share/texlive/texmf-dist/tex/generic/pgf/modules/pgfmoduleplot.code.tex
File: pgfmoduleplot.code.tex 2015/08/03  (rcs-revision 1.13)
)
(/usr/share/texlive/texmf-dist/tex/latex/pgf/compatibility/pgfcomp-version-0-65
.sty
Package: pgfcomp-version-0-65 2007/07/03 v3.0.1a (rcs-revision 1.7)
\pgf@nodesepstart=\dimen162
\pgf@nodesepend=\dimen163
)
(/usr/share/texlive/texmf-dist/tex/latex/pgf/compatibility/pgfcomp-version-1-18
.sty
Package: pgfcomp-version-1-18 2007/07/23 v3.0.1a (rcs-revision 1.1)
)) (/usr/share/texlive/texmf-dist/tex/latex/pgf/utilities/pgffor.sty
(/usr/share/texlive/texmf-dist/tex/latex/pgf/utilities/pgfkeys.sty
(/usr/share/texlive/texmf-dist/tex/generic/pgf/utilities/pgfkeys.code.tex))
(/usr/share/texlive/texmf-dist/tex/latex/pgf/math/pgfmath.sty
(/usr/share/texlive/texmf-dist/tex/generic/pgf/math/pgfmath.code.tex))
(/usr/share/texlive/texmf-dist/tex/generic/pgf/utilities/pgffor.code.tex
Package: pgffor 2013/12/13 v3.0.1a (rcs-revision 1.25)

(/usr/share/texlive/texmf-dist/tex/generic/pgf/math/pgfmath.code.tex)
\pgffor@iter=\dimen164
\pgffor@skip=\dimen165
\pgffor@stack=\toks46
\pgffor@toks=\toks47
))
(/usr/share/texlive/texmf-dist/tex/generic/pgf/frontendlayer/tikz/tikz.code.tex
Package: tikz 2015/08/07 v3.0.1a (rcs-revision 1.151)

(/usr/share/texlive/texmf-dist/tex/generic/pgf/libraries/pgflibraryplothandlers
.code.tex
File: pgflibraryplothandlers.code.tex 2013/08/31 v3.0.1a (rcs-revision 1.20)
\pgf@plot@mark@count=\count126
\pgfplotmarksize=\dimen166
)
\tikz@lastx=\dimen167
\tikz@lasty=\dimen168
\tikz@lastxsaved=\dimen169
\tikz@lastysaved=\dimen170
\tikzleveldistance=\dimen171
\tikzsiblingdistance=\dimen172
\tikz@figbox=\box37
\tikz@figbox@bg=\box38
\tikz@tempbox=\box39
\tikz@tempbox@bg=\box40
\tikztreelevel=\count127
\tikznumberofchildren=\count128
\tikznumberofcurrentchild=\count129
\tikz@fig@count=\count130

(/usr/share/texlive/texmf-dist/tex/generic/pgf/modules/pgfmodulematrix.code.tex
File: pgfmodulematrix.code.tex 2013/09/17  (rcs-revision 1.8)
\pgfmatrixcurrentrow=\count131
\pgfmatrixcurrentcolumn=\count132
\pgf@matrix@numberofcolumns=\count133
)
\tikz@expandcount=\count134

(/usr/share/texlive/texmf-dist/tex/generic/pgf/frontendlayer/tikz/libraries/tik
zlibrarytopaths.code.tex
File: tikzlibrarytopaths.code.tex 2008/06/17 v3.0.1a (rcs-revision 1.2)
)))
(/usr/share/texlive/texmf-dist/tex/generic/tikz-cd/tikzlibrarycd.code.tex
(/usr/share/texlive/texmf-dist/tex/generic/pgf/frontendlayer/tikz/libraries/tik
zlibrarymatrix.code.tex
File: tikzlibrarymatrix.code.tex 2013/07/12 v3.0.1a (rcs-revision 1.4)
)
(/usr/share/texlive/texmf-dist/tex/generic/pgf/frontendlayer/tikz/libraries/tik
zlibraryquotes.code.tex
File: tikzlibraryquotes.code.tex 2014/03/21 v3.0.1a (rcs-revision 1.4)
)
(/usr/share/texlive/texmf-dist/tex/generic/pgf/libraries/pgflibraryarrows.meta.
code.tex
File: pgflibraryarrows.meta.code.tex 2015/05/13 v3.0.1a (rcs-revision 1.13)
\pgfarrowinset=\dimen173
\pgfarrowlength=\dimen174
\pgfarrowwidth=\dimen175
\pgfarrowlinewidth=\dimen176
))) (/usr/share/texlive/texmf-dist/tex/latex/amsfonts/euscript.sty
Package: euscript 2009/06/22 v3.00 Euler Script fonts
LaTeX Font Info:    Overwriting math alphabet `\EuScript' in version `bold'
(Font)                  U/eus/m/n --> U/eus/b/n on input line 33.
)
(/usr/share/texlive/texmf-dist/tex/latex/rsfso/rsfso.sty
Package: rsfso 2013/11/02 v1.01 U/rsfso (Michael Sharpe)

(/usr/share/texlive/texmf-dist/tex/latex/xkeyval/xkeyval.sty
Package: xkeyval 2014/12/03 v2.7a package option processing (HA)

(/usr/share/texlive/texmf-dist/tex/generic/xkeyval/xkeyval.tex
(/usr/share/texlive/texmf-dist/tex/generic/xkeyval/xkvutils.tex
\XKV@toks=\toks48
\XKV@tempa@toks=\toks49
)
\XKV@depth=\count135
File: xkeyval.tex 2014/12/03 v2.7a key=value parser (HA)
)))
\c@theorem=\count136
\c@definition=\count137
\c@conjecture=\count138
\c@example=\count139
\c@exercise=\count140

(/usr/share/texlive/texmf-dist/tex/latex/biblatex/biblatex.sty
Package: biblatex 2016/12/05 v3.7 programmable bibliographies (PK/JW/AB)

(/usr/share/texlive/texmf-dist/tex/generic/oberdiek/pdftexcmds.sty
Package: pdftexcmds 2016/05/21 v0.22 Utility functions of pdfTeX for LuaTeX (HO
)

(/usr/share/texlive/texmf-dist/tex/generic/oberdiek/ifluatex.sty
Package: ifluatex 2016/05/16 v1.4 Provides the ifluatex switch (HO)
Package ifluatex Info: LuaTeX not detected.
)
Package pdftexcmds Info: LuaTeX not detected.
Package pdftexcmds Info: \pdf@primitive is available.
Package pdftexcmds Info: \pdf@ifprimitive is available.
Package pdftexcmds Info: \pdfdraftmode found.
)
(/usr/share/texlive/texmf-dist/tex/latex/etoolbox/etoolbox.sty
Package: etoolbox 2017/01/02 v2.4 e-TeX tools for LaTeX (JAW)
\etb@tempcnta=\count141
)
(/usr/share/texlive/texmf-dist/tex/latex/oberdiek/kvoptions.sty
Package: kvoptions 2016/05/16 v3.12 Key value format for package options (HO)

(/usr/share/texlive/texmf-dist/tex/generic/oberdiek/kvsetkeys.sty
Package: kvsetkeys 2016/05/16 v1.17 Key value parser (HO)

(/usr/share/texlive/texmf-dist/tex/generic/oberdiek/etexcmds.sty
Package: etexcmds 2016/05/16 v1.6 Avoid name clashes with e-TeX commands (HO)
Package etexcmds Info: Could not find \expanded.
(etexcmds)             That can mean that you are not using pdfTeX 1.50 or
(etexcmds)             that some package has redefined \expanded.
(etexcmds)             In the latter case, load this package earlier.
)))
(/usr/share/texlive/texmf-dist/tex/latex/logreq/logreq.sty
Package: logreq 2010/08/04 v1.0 xml request logger
\lrq@indent=\count142

(/usr/share/texlive/texmf-dist/tex/latex/logreq/logreq.def
File: logreq.def 2010/08/04 v1.0 logreq spec v1.0
))
(/usr/share/texlive/texmf-dist/tex/latex/url/url.sty
\Urlmuskip=\muskip11
Package: url 2013/09/16  ver 3.4  Verb mode for urls, etc.
)
(/usr/share/texlive/texmf-dist/tex/generic/xstring/xstring.sty
(/usr/share/texlive/texmf-dist/tex/generic/xstring/xstring.tex
\@xs@message=\write4
\integerpart=\count143
\decimalpart=\count144
)
Package: xstring 2013/10/13  v1.7c  String manipulations (C Tellechea)
)
\c@tabx@nest=\count145
\c@listtotal=\count146
\c@listcount=\count147
\c@liststart=\count148
\c@liststop=\count149
\c@citecount=\count150
\c@citetotal=\count151
\c@multicitecount=\count152
\c@multicitetotal=\count153
\c@instcount=\count154
\c@maxnames=\count155
\c@minnames=\count156
\c@maxitems=\count157
\c@minitems=\count158
\c@citecounter=\count159
\c@savedcitecounter=\count160
\c@uniquelist=\count161
\c@uniquename=\count162
\c@refsection=\count163
\c@refsegment=\count164
\c@maxextratitle=\count165
\c@maxextratitleyear=\count166
\c@maxextrayear=\count167
\c@maxextraalpha=\count168
\c@abbrvpenalty=\count169
\c@highnamepenalty=\count170
\c@lownamepenalty=\count171
\c@maxparens=\count172
\c@parenlevel=\count173
\blx@tempcnta=\count174
\blx@tempcntb=\count175
\blx@tempcntc=\count176
\blx@maxsection=\count177
\blx@maxsegment@0=\count178
\blx@notetype=\count179
\blx@parenlevel@text=\count180
\blx@parenlevel@foot=\count181
\blx@sectionciteorder@0=\count182
\labelnumberwidth=\skip62
\labelalphawidth=\skip63
\biblabelsep=\skip64
\bibitemsep=\skip65
\bibnamesep=\skip66
\bibinitsep=\skip67
\bibparsep=\skip68
\bibhang=\skip69
\blx@bcfin=\read2
\blx@bcfout=\write5
\c@mincomprange=\count183
\c@maxcomprange=\count184
\c@mincompwidth=\count185
Package biblatex Info: Trying to load biblatex default data model...
Package biblatex Info: ... file 'blx-dm.def' found.

(/usr/share/texlive/texmf-dist/tex/latex/biblatex/blx-dm.def)
Package biblatex Info: Trying to load biblatex style data model...
Package biblatex Info: ... file 'numeric.dbx' not found.
Package biblatex Info: Trying to load biblatex custom data model...
Package biblatex Info: ... file 'biblatex-dm.cfg' not found.
\c@afterword=\count186
\c@savedafterword=\count187
\c@annotator=\count188
\c@savedannotator=\count189
\c@author=\count190
\c@savedauthor=\count191
\c@bookauthor=\count192
\c@savedbookauthor=\count193
\c@commentator=\count194
\c@savedcommentator=\count195
\c@editor=\count196
\c@savededitor=\count197
\c@editora=\count198
\c@savededitora=\count199
\c@editorb=\count266
\c@savededitorb=\count267
\c@editorc=\count268
\c@savededitorc=\count269
\c@foreword=\count270
\c@savedforeword=\count271
\c@holder=\count272
\c@savedholder=\count273
\c@introduction=\count274
\c@savedintroduction=\count275
\c@namea=\count276
\c@savednamea=\count277
\c@nameb=\count278
\c@savednameb=\count279
\c@namec=\count280
\c@savednamec=\count281
\c@translator=\count282
\c@savedtranslator=\count283
\c@shortauthor=\count284
\c@savedshortauthor=\count285
\c@shorteditor=\count286
\c@savedshorteditor=\count287
\c@labelname=\count288
\c@savedlabelname=\count289
\c@institution=\count290
\c@savedinstitution=\count291
\c@lista=\count292
\c@savedlista=\count293
\c@listb=\count294
\c@savedlistb=\count295
\c@listc=\count296
\c@savedlistc=\count297
\c@listd=\count298
\c@savedlistd=\count299
\c@liste=\count300
\c@savedliste=\count301
\c@listf=\count302
\c@savedlistf=\count303
\c@location=\count304
\c@savedlocation=\count305
\c@organization=\count306
\c@savedorganization=\count307
\c@origlocation=\count308
\c@savedoriglocation=\count309
\c@origpublisher=\count310
\c@savedorigpublisher=\count311
\c@publisher=\count312
\c@savedpublisher=\count313
\c@language=\count314
\c@savedlanguage=\count315
\c@pageref=\count316
\c@savedpageref=\count317
\shorthandwidth=\skip70
\shortjournalwidth=\skip71
\shortserieswidth=\skip72
\shorttitlewidth=\skip73
\shortauthorwidth=\skip74
\shorteditorwidth=\skip75
Package biblatex Info: Trying to load compatibility code...
Package biblatex Info: ... file 'blx-compat.def' found.

(/usr/share/texlive/texmf-dist/tex/latex/biblatex/blx-compat.def
File: blx-compat.def 2016/12/05 v3.7 biblatex compatibility (PK/JW/AB)
)
Package biblatex Info: Trying to load BibTeX backend compatibility...
Package biblatex Info: ... file 'blx-bibtex.def' found.

(/usr/share/texlive/texmf-dist/tex/latex/biblatex/blx-bibtex.def
File: blx-bibtex.def 2016/12/05 v3.7 biblatex compatibility (PK/JW/AB)


Package biblatex Warning: Using fall-back BibTeX(8) backend:
(biblatex)                functionality may be reduced/unavailable.

)
Package biblatex Info: Trying to load generic definitions...
Package biblatex Info: ... file 'biblatex.def' found.
 (/usr/share/texlive/texmf-dist/tex/latex/biblatex/biblatex.def
File: biblatex.def 2016/12/05 v3.7 biblatex compatibility (PK/JW/AB)
\c@textcitecount=\count318
\c@textcitetotal=\count319
\c@textcitemaxnames=\count320
\c@biburlnumpenalty=\count321
\c@biburlucpenalty=\count322
\c@biburllcpenalty=\count323
\c@smartand=\count324
)
Package biblatex Info: Trying to load bibliography style 'numeric'...
Package biblatex Info: ... file 'numeric.bbx' found.

(/usr/share/texlive/texmf-dist/tex/latex/biblatex/bbx/numeric.bbx
File: numeric.bbx 2016/12/05 v3.7 biblatex bibliography style (PK/JW/AB)
Package biblatex Info: Trying to load bibliography style 'standard'...
Package biblatex Info: ... file 'standard.bbx' found.

(/usr/share/texlive/texmf-dist/tex/latex/biblatex/bbx/standard.bbx
File: standard.bbx 2016/12/05 v3.7 biblatex bibliography style (PK/JW/AB)
\c@bbx:relatedcount=\count325
\c@bbx:relatedtotal=\count326
))
Package biblatex Info: Trying to load citation style 'numeric'...
Package biblatex Info: ... file 'numeric.cbx' found.

(/usr/share/texlive/texmf-dist/tex/latex/biblatex/cbx/numeric.cbx
File: numeric.cbx 2016/12/05 v3.7 biblatex citation style (PK/JW/AB)
Package biblatex Info: Redefining '\cite'.
Package biblatex Info: Redefining '\parencite'.
Package biblatex Info: Redefining '\footcite'.
Package biblatex Info: Redefining '\footcitetext'.
Package biblatex Info: Redefining '\smartcite'.
Package biblatex Info: Redefining '\supercite'.
Package biblatex Info: Redefining '\textcite'.
Package biblatex Info: Redefining '\textcites'.
Package biblatex Info: Redefining '\cites'.
Package biblatex Info: Redefining '\parencites'.
Package biblatex Info: Redefining '\smartcites'.
)
Package biblatex Info: Trying to load configuration file...
Package biblatex Info: ... file 'biblatex.cfg' found.

(/usr/share/texlive/texmf-dist/tex/latex/biblatex/biblatex.cfg
File: biblatex.cfg 
))
(/usr/share/texlive/texmf-dist/tex/latex/csquotes/csquotes.sty
Package: csquotes 2016/12/28 v5.2 context-sensitive quotations (JAW)
\csq@reset=\count327
\csq@gtype=\count328
\csq@glevel=\count329
\csq@qlevel=\count330
\csq@maxlvl=\count331
\csq@tshold=\count332
\csq@ltx@everypar=\toks50

(/usr/share/texlive/texmf-dist/tex/latex/csquotes/csquotes.def
File: csquotes.def 2016/12/28 v5.2 csquotes generic definitions (JAW)
)
Package csquotes Info: Trying to load configuration file 'csquotes.cfg'...
Package csquotes Info: ... configuration file loaded successfully.

(/usr/share/texlive/texmf-dist/tex/latex/csquotes/csquotes.cfg
File: csquotes.cfg 
)) (./title1.sty
Package: title1 2016
LaTeX Font Info:    Try loading font information for OT1+ppl on input line 23.

(/usr/share/texlive/texmf-dist/tex/latex/psnfss/ot1ppl.fd
File: ot1ppl.fd 2001/06/04 font definitions for OT1/ppl.
))
Package biblatex Info: Trying to load language 'spanish'...
Package biblatex Info: ... file 'spanish.lbx' found.

(/usr/share/texlive/texmf-dist/tex/latex/biblatex/lbx/spanish.lbx
File: spanish.lbx 2016/12/05 v3.7 biblatex localization (PK/JW/AB)
)
Package csquotes Info: Checking for multilingual support...
Package csquotes Info: ... found 'babel' package.
Package csquotes Info: Adjusting default style.
Package csquotes Info: Redefining alias 'default' -> 'spanish'.

(./algebra1.aux
LaTeX Info: Redefining \. on input line 8.
LaTeX Info: Redefining \% on input line 8.
LaTeX Info: Redefining \. on input line 15.
LaTeX Info: Redefining \% on input line 15.
)
\openout1 = `algebra1.aux'.

LaTeX Font Info:    Checking defaults for OML/cmm/m/it on input line 184.
LaTeX Font Info:    ... okay on input line 184.
LaTeX Font Info:    Checking defaults for T1/cmr/m/n on input line 184.
LaTeX Font Info:    ... okay on input line 184.
LaTeX Font Info:    Checking defaults for OT1/cmr/m/n on input line 184.
LaTeX Font Info:    ... okay on input line 184.
LaTeX Font Info:    Checking defaults for OMS/cmsy/m/n on input line 184.
LaTeX Font Info:    ... okay on input line 184.
LaTeX Font Info:    Checking defaults for OMX/cmex/m/n on input line 184.
LaTeX Font Info:    ... okay on input line 184.
LaTeX Font Info:    Checking defaults for U/cmr/m/n on input line 184.
LaTeX Font Info:    ... okay on input line 184.
LaTeX Info: Redefining \. on input line 184.
LaTeX Info: Redefining \% on input line 184.
LaTeX Info: Redefining \microtypecontext on input line 184.
Package microtype Info: Generating PDF output.
Package microtype Info: Character protrusion enabled (level 2).
Package microtype Info: Using default protrusion set `alltext'.
Package microtype Info: Automatic font expansion enabled (level 2),
(microtype)             stretch: 20, shrink: 20, step: 1, non-selected.
Package microtype Info: Using default expansion set `basictext'.
Package microtype Info: No adjustment of tracking.
Package microtype Info: No adjustment of interword spacing.
Package microtype Info: No adjustment of character kerning.
 (/usr/share/texlive/texmf-dist/tex/latex/microtype/mt-cmr.cfg
File: mt-cmr.cfg 2013/05/19 v2.2 microtype config. file: Computer Modern Roman 
(RS)
)
Package lastpage Info: Please have a look at the pageslts package at
(lastpage)             https://www.ctan.org/pkg/pageslts
(lastpage)             ! on input line 184.
*geometry* driver: auto-detecting
*geometry* detected driver: pdftex
*geometry* verbose mode - [ preamble ] result:
* driver: pdftex
* paper: <default>
* layout: <same size as paper>
* layoutoffset:(h,v)=(0.0pt,0.0pt)
* modes: 
* h-part:(L,W,R)=(85.35826pt, 443.57848pt, 85.35826pt)
* v-part:(T,H,B)=(85.35826pt, 624.25346pt, 85.35826pt)
* \paperwidth=614.295pt
* \paperheight=794.96999pt
* \textwidth=443.57848pt
* \textheight=624.25346pt
* \oddsidemargin=13.08827pt
* \evensidemargin=13.08827pt
* \topmargin=-29.59084pt
* \headheight=28.45274pt
* \headsep=14.22636pt
* \topskip=10.0pt
* \footskip=30.0pt
* \marginparwidth=65.0pt
* \marginparsep=11.0pt
* \columnsep=10.0pt
* \skip\footins=9.0pt plus 4.0pt minus 2.0pt
* \hoffset=0.0pt
* \voffset=0.0pt
* \mag=1000
* \@twocolumnfalse
* \@twosidefalse
* \@mparswitchfalse
* \@reversemarginfalse
* (1in=72.27pt=25.4mm, 1cm=28.453pt)

ABD: EveryShipout initializing macros
(/usr/share/texlive/texmf-dist/tex/context/base/mkii/supp-pdf.mkii
[Loading MPS to PDF converter (version 2006.09.02).]
\scratchcounter=\count333
\scratchdimen=\dimen177
\scratchbox=\box41
\nofMPsegments=\count334
\nofMParguments=\count335
\everyMPshowfont=\toks51
\MPscratchCnt=\count336
\MPscratchDim=\dimen178
\MPnumerator=\count337
\makeMPintoPDFobject=\count338
\everyMPtoPDFconversion=\toks52
) (/usr/share/texlive/texmf-dist/tex/latex/oberdiek/epstopdf-base.sty
Package: epstopdf-base 2016/05/15 v2.6 Base part for package epstopdf

(/usr/share/texlive/texmf-dist/tex/latex/oberdiek/grfext.sty
Package: grfext 2016/05/16 v1.2 Manage graphics extensions (HO)

(/usr/share/texlive/texmf-dist/tex/generic/oberdiek/kvdefinekeys.sty
Package: kvdefinekeys 2016/05/16 v1.4 Define keys (HO)
))
Package epstopdf-base Info: Redefining graphics rule for `.eps' on input line 4
38.
Package grfext Info: Graphics extension search list:
(grfext)             [.png,.pdf,.jpg,.mps,.jpeg,.jbig2,.jb2,.PNG,.PDF,.JPG,.JPE
G,.JBIG2,.JB2,.eps]
(grfext)             \AppendGraphicsExtensions on input line 456.

(/usr/share/texlive/texmf-dist/tex/latex/latexconfig/epstopdf-sys.cfg
File: epstopdf-sys.cfg 2010/07/13 v1.3 Configuration of (r)epstopdf for TeX Liv
e
))
Package biblatex Info: Input encoding 'utf8' detected.
Package biblatex Info: Automatic encoding selection.
(biblatex)             Assuming data encoding 'utf8'.
Package biblatex Info: Input encoding 'utf8' specified.
Package biblatex Info: Data encoding 'utf8' specified.
(biblatex)             No need to reencode data.
\openout5 = `algebra1-blx.bib'.

Package biblatex Info: Trying to load bibliographic data...
Package biblatex Info: ... file 'algebra1.bbl' found.

(./algebra1.bbl)
Package biblatex Info: Reference section=0 on input line 184.
Package biblatex Info: Reference segment=0 on input line 184.
LaTeX Font Info:    Try loading font information for U+msa on input line 188.
 (/usr/share/texlive/texmf-dist/tex/latex/amsfonts/umsa.fd
File: umsa.fd 2013/01/14 v3.01 AMS symbols A
)
(/usr/share/texlive/texmf-dist/tex/latex/microtype/mt-msa.cfg
File: mt-msa.cfg 2006/02/04 v1.1 microtype config. file: AMS symbols (a) (RS)
)
LaTeX Font Info:    Try loading font information for U+msb on input line 188.

(/usr/share/texlive/texmf-dist/tex/latex/amsfonts/umsb.fd
File: umsb.fd 2013/01/14 v3.01 AMS symbols B
)
(/usr/share/texlive/texmf-dist/tex/latex/microtype/mt-msb.cfg
File: mt-msb.cfg 2005/06/01 v1.0 microtype config. file: AMS symbols (b) (RS)
) [1

{/var/lib/texmf/fonts/map/pdftex/updmap/pdftex.map}] (./algebra1.toc
LaTeX Info: Redefining \. on input line 1.
LaTeX Info: Redefining \% on input line 1.
LaTeX Info: Redefining \. on input line 4.
LaTeX Info: Redefining \% on input line 4.

Overfull \hbox (13.57385pt too wide) has occurred while \output is active
[]$[]$ 
 []


Overfull \hbox (13.57385pt too wide) has occurred while \output is active
[]$[]$ 
 []

[1])
\tf@toc=\write6
\openout6 = `algebra1.toc'.


Overfull \hbox (13.57385pt too wide) has occurred while \output is active
[]$[]$ 
 []


Overfull \hbox (13.57385pt too wide) has occurred while \output is active
[]$[]$ 
 []

[2] <licencia.png, id=22, 88.33pt x 31.11626pt>
File: licencia.png Graphic file (type png)
 <use licencia.png>
Package pdftex.def Info: licencia.png used on input line 203.
(pdftex.def)             Requested size: 66.24733pt x 23.33711pt.

Overfull \hbox (13.57385pt too wide) has occurred while \output is active
[]$[]$ 
 []


Overfull \hbox (13.57385pt too wide) has occurred while \output is active
[]$[]$ 
 []

[3 <./licencia.png>] (./prologo/prologo.tex)
Overfull \hbox (13.57385pt too wide) has occurred while \output is active
[]$[]$ 
 []


Overfull \hbox (13.57385pt too wide) has occurred while \output is active
[]$[]$ 
 []

[4] (./conjuntos/conjuntos.tex
Overfull \hbox (13.57385pt too wide) has occurred while \output is active
[]$[]$ 
 []


Overfull \hbox (13.57385pt too wide) has occurred while \output is active
[]$[]$ 
 []

[5]
Underfull \hbox (badness 10000) in paragraph at lines 74--78

 []


Overfull \hbox (13.57385pt too wide) has occurred while \output is active
[]$[]$ 
 []


Overfull \hbox (13.57385pt too wide) has occurred while \output is active
[]$[]$ 
 []

[6]
Overfull \hbox (13.57385pt too wide) has occurred while \output is active
[]$[]$ 
 []


Overfull \hbox (13.57385pt too wide) has occurred while \output is active
[]$[]$ 
 []

[7]

LaTeX Warning: Citation 'link2' on page 8 undefined on input line 134.

)
Overfull \hbox (13.57385pt too wide) has occurred while \output is active
[]$[]$ 
 []


Overfull \hbox (13.57385pt too wide) has occurred while \output is active
[]$[]$ 
 []

[8] (./structure/structure.tex
Overfull \hbox (13.57385pt too wide) has occurred while \output is active
[]$[]$ 
 []


Overfull \hbox (13.57385pt too wide) has occurred while \output is active
[]$[]$ 
 []

[9]
Overfull \hbox (13.57385pt too wide) has occurred while \output is active
[]$[]$ 
 []


Overfull \hbox (13.57385pt too wide) has occurred while \output is active
[]$[]$ 
 []

[10]
LaTeX Font Info:    Try loading font information for OMS+cmr on input line 137.

 (/usr/share/texlive/texmf-dist/tex/latex/base/omscmr.fd
File: omscmr.fd 2014/09/29 v2.5h Standard LaTeX font definitions
)
LaTeX Font Info:    Font shape `OMS/cmr/m/n' in size <10> not available
(Font)              Font shape `OMS/cmsy/m/n' tried instead on input line 137.

Overfull \hbox (56.91353pt too wide) detected at line 140
\OT1/cmr/m/n/10 ([] \OML/cmm/m/it/10 a[]\OT1/cmr/m/n/10 )([] \OML/cmm/m/it/10 b
[]\OT1/cmr/m/n/10 ) = ([] \OML/cmm/m/it/10 a[]\OT1/cmr/m/n/10 )([] \OML/cmm/m/i
t/10 b[]\OT1/cmr/m/n/10 ) + \OML/cmm/m/it/10 b[]\OT1/cmr/m/n/10 ) = ([] \OML/cm
m/m/it/10 a[]\OT1/cmr/m/n/10 )([] \OML/cmm/m/it/10 b[]\OT1/cmr/m/n/10 ) + ([] \
OML/cmm/m/it/10 a[]\OT1/cmr/m/n/10 )\OML/cmm/m/it/10 b[] \OT1/cmr/m/n/10 = [] [
] \OML/cmm/m/it/10 a[]b[] \OT1/cmr/m/n/10 + [] \OML/cmm/m/it/10 a[]b[] \OT1/cmr
/m/n/10 = [] [] \OML/cmm/m/it/10 a[]b[]
 []


Overfull \hbox (13.57385pt too wide) has occurred while \output is active
[]$[]$ 
 []


Overfull \hbox (13.57385pt too wide) has occurred while \output is active
[]$[]$ 
 []

[11]
Overfull \hbox (76.55551pt too wide) detected at line 175
\OML/cmm/m/it/10 S\OT1/cmr/m/n/10 [\OML/cmm/m/it/10 x[]; [] ; x[]\OT1/cmr/m/n/1
0 ] = \OMS/cmsy/m/n/10 f[] \OML/cmm/m/it/10 a[]x[] [] x[] \OT1/cmr/m/n/10 : \OM
L/cmm/m/it/10 a[] \OMS/cmsy/m/n/10 2 \OML/cmm/m/it/10 S[]\OMS/cmsy/m/n/10 g
 []


Overfull \hbox (13.57385pt too wide) has occurred while \output is active
[]$[]$ 
 []


Overfull \hbox (13.57385pt too wide) has occurred while \output is active
[]$[]$ 
 []

[12]
Overfull \hbox (13.57385pt too wide) has occurred while \output is active
[]$[]$ 
 []


Overfull \hbox (13.57385pt too wide) has occurred while \output is active
[]$[]$ 
 []

[13]
Overfull \hbox (13.57385pt too wide) has occurred while \output is active
[]$[]$ 
 []


Overfull \hbox (13.57385pt too wide) has occurred while \output is active
[]$[]$ 
 []

[14]
Overfull \hbox (13.57385pt too wide) has occurred while \output is active
[]$[]$ 
 []


Overfull \hbox (13.57385pt too wide) has occurred while \output is active
[]$[]$ 
 []

[15]
Overfull \hbox (13.57385pt too wide) has occurred while \output is active
[]$[]$ 
 []


Overfull \hbox (13.57385pt too wide) has occurred while \output is active
[]$[]$ 
 []

[16]
Overfull \hbox (13.57385pt too wide) has occurred while \output is active
[]$[]$ 
 []


Overfull \hbox (13.57385pt too wide) has occurred while \output is active
[]$[]$ 
 []

[17]
Overfull \hbox (13.57385pt too wide) has occurred while \output is active
[]$[]$ 
 []


Overfull \hbox (13.57385pt too wide) has occurred while \output is active
[]$[]$ 
 []

[18]
Overfull \hbox (13.57385pt too wide) has occurred while \output is active
[]$[]$ 
 []


Overfull \hbox (13.57385pt too wide) has occurred while \output is active
[]$[]$ 
 []

[19]
Overfull \hbox (48.5606pt too wide) detected at line 461
[]\OT1/cmr/m/n/10 ([\OML/cmm/m/it/10 x\OT1/cmr/m/n/10 ]) = [](\OML/cmm/m/it/10 
y\OT1/cmr/m/n/10 )  \OMS/cmsy/m/n/10 ([])  \OML/cmm/m/it/10 f\OT1/cmr/m/n/10 (\
OML/cmm/m/it/10 x\OT1/cmr/m/n/10 ) = \OML/cmm/m/it/10 f\OT1/cmr/m/n/10 (\OML/cm
m/m/it/10 y\OT1/cmr/m/n/10 )  \OMS/cmsy/m/n/10 ([])  \OML/cmm/m/it/10 f\OT1/cmr
/m/n/10 (\OML/cmm/m/it/10 x \OMS/cmsy/m/n/10 ^^@ \OML/cmm/m/it/10 y\OT1/cmr/m/n
/10 ) = 0  \OMS/cmsy/m/n/10 ([])  \OML/cmm/m/it/10 x \OMS/cmsy/m/n/10 ^^@ \OML/
cmm/m/it/10 y \OMS/cmsy/m/n/10 2 \OML/cmm/m/it/10 Ker\OT1/cmr/m/n/10 (\OML/cmm/
m/it/10 f\OT1/cmr/m/n/10 )  \OMS/cmsy/m/n/10 ([])  \OML/cmm/m/it/10 x \OMS/cmsy
/m/n/10 ^^Q \OML/cmm/m/it/10 y mod\OT1/cmr/m/n/10 (\OML/cmm/m/it/10 Ker\OT1/cmr
/m/n/10 (\OML/cmm/m/it/10 f\OT1/cmr/m/n/10 ))  \OMS/cmsy/m/n/10 ([])  \OT1/cmr/
m/n/10 [\OML/cmm/m/it/10 x\OT1/cmr/m/n/10 ] = [\OML/cmm/m/it/10 y\OT1/cmr/m/n/1
0 ]
 []


Overfull \hbox (13.57385pt too wide) has occurred while \output is active
[]$[]$ 
 []


Overfull \hbox (13.57385pt too wide) has occurred while \output is active
[]$[]$ 
 []

[20]
Overfull \hbox (13.57385pt too wide) has occurred while \output is active
[]$[]$ 
 []


Overfull \hbox (13.57385pt too wide) has occurred while \output is active
[]$[]$ 
 []

[21]
Overfull \hbox (0.96614pt too wide) in paragraph at lines 545--546
[]\OT1/cmr/m/n/10 (-20) Sea $\OML/cmm/m/it/10 A[]$ \OT1/cmr/m/n/10 (-20) una co
-lec-ci^^Son fi-ni-ta de ani-llos. Las pro-yec-cio-nes can^^Soni-cas $\OML/cmm/
m/it/10 p[] \OT1/cmr/m/n/10 (-20) : [] \OML/cmm/m/it/10 A[] \OMS/cmsy/m/n/10 ! 
\OML/cmm/m/it/10 A[]$ \OT1/cmr/m/n/10 (-20) ta-les que $(\OML/cmm/m/it/10 a[]; 
[] ; a[]\OT1/cmr/m/n/10 (-20) ) \OMS/cmsy/m/n/10 7!
 []


Overfull \hbox (13.57385pt too wide) has occurred while \output is active
[]$[]$ 
 []


Overfull \hbox (13.57385pt too wide) has occurred while \output is active
[]$[]$ 
 []

[22])
Overfull \hbox (13.57385pt too wide) has occurred while \output is active
[]$[]$ 
 []


Overfull \hbox (13.57385pt too wide) has occurred while \output is active
[]$[]$ 
 []

[23] (./ejemplos/ejemplos.tex
Overfull \hbox (9.99629pt too wide) in paragraph at lines 33--34
[]$\OT1/cmr/m/n/10 (-20) (\OML/cmm/m/it/10 f\OT1/cmr/m/n/10 (-20) (\OML/cmm/m/i
t/10 gh\OT1/cmr/m/n/10 (-20) ))(\OML/cmm/m/it/10 n\OT1/cmr/m/n/10 (-20) ) = [][
] \OML/cmm/m/it/10 f\OT1/cmr/m/n/10 (-20) (\OML/cmm/m/it/10 i\OT1/cmr/m/n/10 (-
20) )(\OML/cmm/m/it/10 gh\OT1/cmr/m/n/10 (-20) )(\OML/cmm/m/it/10 m\OT1/cmr/m/n
/10 (-20) ) = [][] \OML/cmm/m/it/10 f\OT1/cmr/m/n/10 (-20) (\OML/cmm/m/it/10 i\
OT1/cmr/m/n/10 (-20) )([][] \OML/cmm/m/it/10 g\OT1/cmr/m/n/10 (-20) (\OML/cmm/m
/it/10 j\OT1/cmr/m/n/10 (-20) )\OML/cmm/m/it/10 h\OT1/cmr/m/n/10 (-20) (\OML/cm
m/m/it/10 k\OT1/cmr/m/n/10 (-20) )) = [][] \OML/cmm/m/it/10 f\OT1/cmr/m/n/10 (-
20) (\OML/cmm/m/it/10 i\OT1/cmr/m/n/10 (-20) )\OML/cmm/m/it/10 g\OT1/cmr/m/n/10
 (-20) (\OML/cmm/m/it/10 j\OT1/cmr/m/n/10 (-20) )\OML/cmm/m/it/10 h\OT1/cmr/m/n
/10 (-20) (\OML/cmm/m/it/10 k\OT1/cmr/m/n/10 (-20) ) =
 []


Overfull \hbox (16.68518pt too wide) in paragraph at lines 43--44
[]$\OML/cmm/m/it/10 f \OMS/cmsy/m/n/10 ^^A \OT1/cmr/m/n/10 (-20) (\OML/cmm/m/it
/10 g \OT1/cmr/m/n/10 (-20) + \OML/cmm/m/it/10 h\OT1/cmr/m/n/10 (-20) )(\OML/cm
m/m/it/10 n\OT1/cmr/m/n/10 (-20) ) = [][] \OML/cmm/m/it/10 f\OT1/cmr/m/n/10 (-2
0) (\OML/cmm/m/it/10 i\OT1/cmr/m/n/10 (-20) )(\OML/cmm/m/it/10 g \OT1/cmr/m/n/1
0 (-20) + \OML/cmm/m/it/10 h\OT1/cmr/m/n/10 (-20) )(\OML/cmm/m/it/10 j\OT1/cmr/
m/n/10 (-20) ) = [][](\OML/cmm/m/it/10 f\OT1/cmr/m/n/10 (-20) (\OML/cmm/m/it/10
 i\OT1/cmr/m/n/10 (-20) )\OML/cmm/m/it/10 g\OT1/cmr/m/n/10 (-20) (\OML/cmm/m/it
/10 j\OT1/cmr/m/n/10 (-20) ) + \OML/cmm/m/it/10 f\OT1/cmr/m/n/10 (-20) (\OML/cm
m/m/it/10 i\OT1/cmr/m/n/10 (-20) )\OML/cmm/m/it/10 h\OT1/cmr/m/n/10 (-20) (\OML
/cmm/m/it/10 j\OT1/cmr/m/n/10 (-20) )) = [][] \OML/cmm/m/it/10 f\OT1/cmr/m/n/10
 (-20) (\OML/cmm/m/it/10 i\OT1/cmr/m/n/10 (-20) )\OML/cmm/m/it/10 g\OT1/cmr/m/n
/10 (-20) (\OML/cmm/m/it/10 j\OT1/cmr/m/n/10 (-20) ) + [][] \OML/cmm/m/it/10 f\
OT1/cmr/m/n/10 (-20) (\OML/cmm/m/it/10 i\OT1/cmr/m/n/10 (-20) )\OML/cmm/m/it/10
 h\OT1/cmr/m/n/10 (-20) (\OML/cmm/m/it/10 j\OT1/cmr/m/n/10 (-20) ) =
 []


Overfull \hbox (13.57385pt too wide) has occurred while \output is active
[]$[]$ 
 []


Overfull \hbox (13.57385pt too wide) has occurred while \output is active
[]$[]$ 
 []

[24]
Overfull \hbox (13.57385pt too wide) has occurred while \output is active
[]$[]$ 
 []


Overfull \hbox (13.57385pt too wide) has occurred while \output is active
[]$[]$ 
 []

[25]
Overfull \hbox (67.08336pt too wide) detected at line 115
\OML/cmm/m/it/10 f[]\OT1/cmr/m/n/10 (\OML/cmm/m/it/10 p\OT1/cmr/m/n/10 )\OML/cm
m/m/it/10 f[]\OT1/cmr/m/n/10 (\OML/cmm/m/it/10 q\OT1/cmr/m/n/10 ) = [] [] \OML/
cmm/m/it/10 f\OT1/cmr/m/n/10 (\OML/cmm/m/it/10 a[]\OT1/cmr/m/n/10 )\OML/cmm/m/i
t/10 u[][][] [] f\OT1/cmr/m/n/10 (\OML/cmm/m/it/10 b[]\OT1/cmr/m/n/10 )\OML/cmm
/m/it/10 u[][] \OT1/cmr/m/n/10 = [] \OML/cmm/m/it/10 f\OT1/cmr/m/n/10 (\OML/cmm
/m/it/10 a[]\OT1/cmr/m/n/10 )\OML/cmm/m/it/10 u[]f\OT1/cmr/m/n/10 (\OML/cmm/m/i
t/10 b[]\OT1/cmr/m/n/10 )\OML/cmm/m/it/10 u[] \OT1/cmr/m/n/10 = [] \OML/cmm/m/i
t/10 f\OT1/cmr/m/n/10 (\OML/cmm/m/it/10 a[]\OT1/cmr/m/n/10 )\OML/cmm/m/it/10 f\
OT1/cmr/m/n/10 (\OML/cmm/m/it/10 b[]\OT1/cmr/m/n/10 )\OML/cmm/m/it/10 u[] \OT1/
cmr/m/n/10 = [] [] [] \OML/cmm/m/it/10 f\OT1/cmr/m/n/10 (\OML/cmm/m/it/10 a[]\O
T1/cmr/m/n/10 )\OML/cmm/m/it/10 f\OT1/cmr/m/n/10 (\OML/cmm/m/it/10 b[]\OT1/cmr/
m/n/10 )[]\OML/cmm/m/it/10 u[]
 []


Overfull \hbox (13.57385pt too wide) has occurred while \output is active
[]$[]$ 
 []


Overfull \hbox (13.57385pt too wide) has occurred while \output is active
[]$[]$ 
 []

[26]
Overfull \hbox (13.57385pt too wide) has occurred while \output is active
[]$[]$ 
 []


Overfull \hbox (13.57385pt too wide) has occurred while \output is active
[]$[]$ 
 []

[27]
Overfull \hbox (13.57385pt too wide) has occurred while \output is active
[]$[]$ 
 []


Overfull \hbox (13.57385pt too wide) has occurred while \output is active
[]$[]$ 
 []

[28]
Overfull \hbox (13.57385pt too wide) has occurred while \output is active
[]$[]$ 
 []


Overfull \hbox (13.57385pt too wide) has occurred while \output is active
[]$[]$ 
 []

[29] <./images/roots.png, id=121, 235.88126pt x 240.9pt>
File: ./images/roots.png Graphic file (type png)

<use ./images/roots.png>
Package pdftex.def Info: ./images/roots.png used on input line 287.
(pdftex.def)             Requested size: 117.94034pt x 120.44969pt.
)
Overfull \hbox (13.57385pt too wide) has occurred while \output is active
[]$[]$ 
 []


Overfull \hbox (13.57385pt too wide) has occurred while \output is active
[]$[]$ 
 []

[30 <./images/roots.png>] (./integrity/integridad.tex
Overfull \hbox (13.57385pt too wide) has occurred while \output is active
[]$[]$ 
 []


Overfull \hbox (13.57385pt too wide) has occurred while \output is active
[]$[]$ 
 []

[31]
Overfull \hbox (13.57385pt too wide) has occurred while \output is active
[]$[]$ 
 []


Overfull \hbox (13.57385pt too wide) has occurred while \output is active
[]$[]$ 
 []

[32]
Underfull \hbox (badness 10000) in paragraph at lines 122--125

 []


Underfull \hbox (badness 10000) in paragraph at lines 130--132

 []

)
Overfull \hbox (13.57385pt too wide) has occurred while \output is active
[]$[]$ 
 []


Overfull \hbox (13.57385pt too wide) has occurred while \output is active
[]$[]$ 
 []

[33] (./ejemplos/cuerpos.tex
Overfull \hbox (13.57385pt too wide) has occurred while \output is active
[]$[]$ 
 []


Overfull \hbox (13.57385pt too wide) has occurred while \output is active
[]$[]$ 
 []

[34]
Overfull \hbox (13.57385pt too wide) has occurred while \output is active
[]$[]$ 
 []


Overfull \hbox (13.57385pt too wide) has occurred while \output is active
[]$[]$ 
 []

[35]
Overfull \hbox (13.57385pt too wide) has occurred while \output is active
[]$[]$ 
 []


Overfull \hbox (13.57385pt too wide) has occurred while \output is active
[]$[]$ 
 []

[36])
Overfull \hbox (13.57385pt too wide) has occurred while \output is active
[]$[]$ 
 []


Overfull \hbox (13.57385pt too wide) has occurred while \output is active
[]$[]$ 
 []

[37] (./divisibilidad/divisibilidad.tex
Overfull \hbox (13.57385pt too wide) has occurred while \output is active
[]$[]$ 
 []


Overfull \hbox (13.57385pt too wide) has occurred while \output is active
[]$[]$ 
 []

[38]
Overfull \hbox (13.57385pt too wide) has occurred while \output is active
[]$[]$ 
 []


Overfull \hbox (13.57385pt too wide) has occurred while \output is active
[]$[]$ 
 []

[39]
Overfull \hbox (13.57385pt too wide) has occurred while \output is active
[]$[]$ 
 []


Overfull \hbox (13.57385pt too wide) has occurred while \output is active
[]$[]$ 
 []

[40]
Overfull \hbox (13.57385pt too wide) has occurred while \output is active
[]$[]$ 
 []


Overfull \hbox (13.57385pt too wide) has occurred while \output is active
[]$[]$ 
 []

[41]
Overfull \hbox (13.57385pt too wide) has occurred while \output is active
[]$[]$ 
 []


Overfull \hbox (13.57385pt too wide) has occurred while \output is active
[]$[]$ 
 []

[42]

LaTeX Warning: Citation 'link1' on page 43 undefined on input line 250.


Overfull \hbox (13.57385pt too wide) has occurred while \output is active
[]$[]$ 
 []


Overfull \hbox (13.57385pt too wide) has occurred while \output is active
[]$[]$ 
 []

[43]
Overfull \hbox (13.57385pt too wide) has occurred while \output is active
[]$[]$ 
 []


Overfull \hbox (13.57385pt too wide) has occurred while \output is active
[]$[]$ 
 []

[44]
Overfull \hbox (13.57385pt too wide) has occurred while \output is active
[]$[]$ 
 []


Overfull \hbox (13.57385pt too wide) has occurred while \output is active
[]$[]$ 
 []

[45]
Overfull \hbox (13.57385pt too wide) has occurred while \output is active
[]$[]$ 
 []


Overfull \hbox (13.57385pt too wide) has occurred while \output is active
[]$[]$ 
 []

[46]
Overfull \hbox (13.57385pt too wide) has occurred while \output is active
[]$[]$ 
 []


Overfull \hbox (13.57385pt too wide) has occurred while \output is active
[]$[]$ 
 []

[47])
Overfull \hbox (13.57385pt too wide) has occurred while \output is active
[]$[]$ 
 []


Overfull \hbox (13.57385pt too wide) has occurred while \output is active
[]$[]$ 
 []

[48] (./euclideo/euclideo.tex
Overfull \hbox (13.57385pt too wide) has occurred while \output is active
[]$[]$ 
 []


Overfull \hbox (13.57385pt too wide) has occurred while \output is active
[]$[]$ 
 []

[49]
LaTeX Font Info:    Font shape `OMS/cmr/m/it' in size <10> not available
(Font)              Font shape `OMS/cmsy/m/n' tried instead on input line 79.

Overfull \hbox (13.57385pt too wide) has occurred while \output is active
[]$[]$ 
 []


Overfull \hbox (13.57385pt too wide) has occurred while \output is active
[]$[]$ 
 []

[50]
Overfull \hbox (13.57385pt too wide) has occurred while \output is active
[]$[]$ 
 []


Overfull \hbox (13.57385pt too wide) has occurred while \output is active
[]$[]$ 
 []

[51]
Overfull \hbox (13.57385pt too wide) has occurred while \output is active
[]$[]$ 
 []


Overfull \hbox (13.57385pt too wide) has occurred while \output is active
[]$[]$ 
 []

[52]
Overfull \hbox (41.11145pt too wide) detected at line 197
\OML/cmm/m/it/10 r[] \OT1/cmr/m/n/10 = \OML/cmm/m/it/10 cl\OT1/cmr/m/n/10 (\OML
/cmm/m/it/10 g\OT1/cmr/m/n/10 )\OML/cmm/m/it/10 r[] \OMS/cmsy/m/n/10 ^^@ \OML/c
mm/m/it/10 cl\OT1/cmr/m/n/10 (\OML/cmm/m/it/10 r[]\OT1/cmr/m/n/10 )\OML/cmm/m/i
t/10 X[]g \OT1/cmr/m/n/10 = \OML/cmm/m/it/10 cl\OT1/cmr/m/n/10 (\OML/cmm/m/it/1
0 g\OT1/cmr/m/n/10 )(\OML/cmm/m/it/10 cl\OT1/cmr/m/n/10 (\OML/cmm/m/it/10 r[]\O
T1/cmr/m/n/10 )\OML/cmm/m/it/10 X[][]\OT1/cmr/m/n/10 ) \OMS/cmsy/m/n/10 ^^@ \OM
L/cmm/m/it/10 cl\OT1/cmr/m/n/10 (\OML/cmm/m/it/10 r[]\OT1/cmr/m/n/10 )\OML/cmm/
m/it/10 X[]\OT1/cmr/m/n/10 (\OML/cmm/m/it/10 cl\OT1/cmr/m/n/10 (\OML/cmm/m/it/1
0 g\OT1/cmr/m/n/10 )\OML/cmm/m/it/10 X[] \OT1/cmr/m/n/10 + []) = \OML/cmm/m/it/
10 cl\OT1/cmr/m/n/10 (\OML/cmm/m/it/10 g\OT1/cmr/m/n/10 )[] \OMS/cmsy/m/n/10 ^^
@ \OML/cmm/m/it/10 cl\OT1/cmr/m/n/10 (\OML/cmm/m/it/10 r[]\OT1/cmr/m/n/10 )[]
 []


Overfull \hbox (13.57385pt too wide) has occurred while \output is active
[]$[]$ 
 []


Overfull \hbox (13.57385pt too wide) has occurred while \output is active
[]$[]$ 
 []

[53] <./images/approximation.png, id=199, 491.8375pt x 482.80376pt>
File: ./images/approximation.png Graphic file (type png)

<use ./images/approximation.png>
Package pdftex.def Info: ./images/approximation.png used on input line 271.
(pdftex.def)             Requested size: 245.91814pt x 241.40129pt.

Overfull \hbox (13.57385pt too wide) has occurred while \output is active
[]$[]$ 
 []


Overfull \hbox (13.57385pt too wide) has occurred while \output is active
[]$[]$ 
 []

[54])
Overfull \hbox (13.57385pt too wide) has occurred while \output is active
[]$[]$ 
 []


Overfull \hbox (13.57385pt too wide) has occurred while \output is active
[]$[]$ 
 []

[55 <./images/approximation.png>] (./dip/dip.tex
Overfull \hbox (13.57385pt too wide) has occurred while \output is active
[]$[]$ 
 []


Overfull \hbox (13.57385pt too wide) has occurred while \output is active
[]$[]$ 
 []

[56]
Overfull \hbox (13.57385pt too wide) has occurred while \output is active
[]$[]$ 
 []


Overfull \hbox (13.57385pt too wide) has occurred while \output is active
[]$[]$ 
 []

[57]
Overfull \hbox (13.57385pt too wide) has occurred while \output is active
[]$[]$ 
 []


Overfull \hbox (13.57385pt too wide) has occurred while \output is active
[]$[]$ 
 []

[58]
Overfull \hbox (13.57385pt too wide) has occurred while \output is active
[]$[]$ 
 []


Overfull \hbox (13.57385pt too wide) has occurred while \output is active
[]$[]$ 
 []

[59])
Overfull \hbox (13.57385pt too wide) has occurred while \output is active
[]$[]$ 
 []


Overfull \hbox (13.57385pt too wide) has occurred while \output is active
[]$[]$ 
 []

[60] (./congruence/congruence.tex
Underfull \hbox (badness 10000) in paragraph at lines 10--16

 []


Overfull \hbox (13.57385pt too wide) has occurred while \output is active
[]$[]$ 
 []


Overfull \hbox (13.57385pt too wide) has occurred while \output is active
[]$[]$ 
 []

[61]
Overfull \hbox (13.57385pt too wide) has occurred while \output is active
[]$[]$ 
 []


Overfull \hbox (13.57385pt too wide) has occurred while \output is active
[]$[]$ 
 []

[62]
Overfull \hbox (13.57385pt too wide) has occurred while \output is active
[]$[]$ 
 []


Overfull \hbox (13.57385pt too wide) has occurred while \output is active
[]$[]$ 
 []

[63]
Overfull \hbox (13.57385pt too wide) has occurred while \output is active
[]$[]$ 
 []


Overfull \hbox (13.57385pt too wide) has occurred while \output is active
[]$[]$ 
 []

[64]
Overfull \hbox (13.57385pt too wide) has occurred while \output is active
[]$[]$ 
 []


Overfull \hbox (13.57385pt too wide) has occurred while \output is active
[]$[]$ 
 []

[65]
Overfull \hbox (13.57385pt too wide) has occurred while \output is active
[]$[]$ 
 []


Overfull \hbox (13.57385pt too wide) has occurred while \output is active
[]$[]$ 
 []

[66]
Overfull \hbox (13.57385pt too wide) has occurred while \output is active
[]$[]$ 
 []


Overfull \hbox (13.57385pt too wide) has occurred while \output is active
[]$[]$ 
 []

[67]
Overfull \hbox (13.57385pt too wide) has occurred while \output is active
[]$[]$ 
 []


Overfull \hbox (13.57385pt too wide) has occurred while \output is active
[]$[]$ 
 []

[68]
Overfull \hbox (13.57385pt too wide) has occurred while \output is active
[]$[]$ 
 []


Overfull \hbox (13.57385pt too wide) has occurred while \output is active
[]$[]$ 
 []

[69]
Overfull \hbox (13.57385pt too wide) has occurred while \output is active
[]$[]$ 
 []


Overfull \hbox (13.57385pt too wide) has occurred while \output is active
[]$[]$ 
 []

[70]
Overfull \hbox (13.57385pt too wide) has occurred while \output is active
[]$[]$ 
 []


Overfull \hbox (13.57385pt too wide) has occurred while \output is active
[]$[]$ 
 []

[71]
Overfull \hbox (13.57385pt too wide) has occurred while \output is active
[]$[]$ 
 []


Overfull \hbox (13.57385pt too wide) has occurred while \output is active
[]$[]$ 
 []

[72])
Overfull \hbox (13.57385pt too wide) has occurred while \output is active
[]$[]$ 
 []


Overfull \hbox (13.57385pt too wide) has occurred while \output is active
[]$[]$ 
 []

[73] (./dfu/dfu.tex
Overfull \hbox (13.57385pt too wide) has occurred while \output is active
[]$[]$ 
 []


Overfull \hbox (13.57385pt too wide) has occurred while \output is active
[]$[]$ 
 []

[74]
Overfull \hbox (13.57385pt too wide) has occurred while \output is active
[]$[]$ 
 []


Overfull \hbox (13.57385pt too wide) has occurred while \output is active
[]$[]$ 
 []

[75]
Overfull \hbox (13.57385pt too wide) has occurred while \output is active
[]$[]$ 
 []


Overfull \hbox (13.57385pt too wide) has occurred while \output is active
[]$[]$ 
 []

[76]
Overfull \hbox (13.57385pt too wide) has occurred while \output is active
[]$[]$ 
 []


Overfull \hbox (13.57385pt too wide) has occurred while \output is active
[]$[]$ 
 []

[77])
Overfull \hbox (13.57385pt too wide) has occurred while \output is active
[]$[]$ 
 []


Overfull \hbox (13.57385pt too wide) has occurred while \output is active
[]$[]$ 
 []

[78] (./poldfu/poldfu.tex
Overfull \hbox (13.57385pt too wide) has occurred while \output is active
[]$[]$ 
 []


Overfull \hbox (13.57385pt too wide) has occurred while \output is active
[]$[]$ 
 []

[79]
Overfull \hbox (13.57385pt too wide) has occurred while \output is active
[]$[]$ 
 []


Overfull \hbox (13.57385pt too wide) has occurred while \output is active
[]$[]$ 
 []

[80]
Overfull \hbox (13.57385pt too wide) has occurred while \output is active
[]$[]$ 
 []


Overfull \hbox (13.57385pt too wide) has occurred while \output is active
[]$[]$ 
 []

[81]
Overfull \hbox (13.57385pt too wide) has occurred while \output is active
[]$[]$ 
 []


Overfull \hbox (13.57385pt too wide) has occurred while \output is active
[]$[]$ 
 []

[82])
Overfull \hbox (13.57385pt too wide) has occurred while \output is active
[]$[]$ 
 []


Overfull \hbox (13.57385pt too wide) has occurred while \output is active
[]$[]$ 
 []

[83] (./criterio/criterio.tex
Overfull \hbox (13.57385pt too wide) has occurred while \output is active
[]$[]$ 
 []


Overfull \hbox (13.57385pt too wide) has occurred while \output is active
[]$[]$ 
 []

[84]
Overfull \hbox (13.57385pt too wide) has occurred while \output is active
[]$[]$ 
 []


Overfull \hbox (13.57385pt too wide) has occurred while \output is active
[]$[]$ 
 []

[85]
Overfull \hbox (13.57385pt too wide) has occurred while \output is active
[]$[]$ 
 []


Overfull \hbox (13.57385pt too wide) has occurred while \output is active
[]$[]$ 
 []

[86]
Overfull \hbox (13.57385pt too wide) has occurred while \output is active
[]$[]$ 
 []


Overfull \hbox (13.57385pt too wide) has occurred while \output is active
[]$[]$ 
 []

[87]

LaTeX Warning: Citation 'link3' on page 88 undefined on input line 218.


Overfull \hbox (13.57385pt too wide) has occurred while \output is active
[]$[]$ 
 []


Overfull \hbox (13.57385pt too wide) has occurred while \output is active
[]$[]$ 
 []

[88]
Overfull \hbox (13.57385pt too wide) has occurred while \output is active
[]$[]$ 
 []


Overfull \hbox (13.57385pt too wide) has occurred while \output is active
[]$[]$ 
 []

[89]
Overfull \hbox (11.00758pt too wide) in paragraph at lines 267--268
[]\OT1/cmr/m/n/10 (-20) Los po-si-bles fac-to-res li-nea-les co-rres-pon-den a 
las ra^^S^^Pces en $\U/msb/m/n/10 Q$ \OT1/cmr/m/n/10 (-20) que por la re-gla de
 Ruf-fi-ni son $\OMS/cmsy/m/n/10 f\OT1/cmr/m/n/10 (-20) 1\OML/cmm/m/it/10 ; \OM
S/cmsy/m/n/10 ^^@\OT1/cmr/m/n/10 (-20) 1\OML/cmm/m/it/10 ; \OT1/cmr/m/n/10 (-20
) 1\OML/cmm/m/it/10 =\OT1/cmr/m/n/10 (-20) 3\OML/cmm/m/it/10 ; \OMS/cmsy/m/n/10
 ^^@\OT1/cmr/m/n/10 (-20) 1\OML/cmm/m/it/10 =\OT1/cmr/m/n/10 (-20) 3\OMS/cmsy/m
/n/10 g$\OT1/cmr/m/n/10 (-20) .
 []

)
Overfull \hbox (13.57385pt too wide) has occurred while \output is active
[]$[]$ 
 []


Overfull \hbox (13.57385pt too wide) has occurred while \output is active
[]$[]$ 
 []

[90] (./modules/modules.tex
Overfull \hbox (13.57385pt too wide) has occurred while \output is active
[]$[]$ 
 []


Overfull \hbox (13.57385pt too wide) has occurred while \output is active
[]$[]$ 
 []

[91]
Overfull \hbox (13.57385pt too wide) has occurred while \output is active
[]$[]$ 
 []


Overfull \hbox (13.57385pt too wide) has occurred while \output is active
[]$[]$ 
 []

[92]
Overfull \hbox (13.57385pt too wide) has occurred while \output is active
[]$[]$ 
 []


Overfull \hbox (13.57385pt too wide) has occurred while \output is active
[]$[]$ 
 []

[93]
Overfull \hbox (13.57385pt too wide) has occurred while \output is active
[]$[]$ 
 []


Overfull \hbox (13.57385pt too wide) has occurred while \output is active
[]$[]$ 
 []

[94]
Overfull \hbox (13.57385pt too wide) has occurred while \output is active
[]$[]$ 
 []


Overfull \hbox (13.57385pt too wide) has occurred while \output is active
[]$[]$ 
 []

[95])
Overfull \hbox (13.57385pt too wide) has occurred while \output is active
[]$[]$ 
 []


Overfull \hbox (13.57385pt too wide) has occurred while \output is active
[]$[]$ 
 []

[96] 
AED: lastpage setting LastPage

Overfull \hbox (13.57385pt too wide) has occurred while \output is active
[]$[]$ 
 []


Overfull \hbox (13.57385pt too wide) has occurred while \output is active
[]$[]$ 
 []

[97] (./algebra1.aux
LaTeX Info: Redefining \. on input line 8.
LaTeX Info: Redefining \% on input line 8.
LaTeX Info: Redefining \. on input line 15.
LaTeX Info: Redefining \% on input line 15.
)

LaTeX Warning: There were undefined references.


Package biblatex Warning: Please (re)run BibTeX on the file(s):
(biblatex)                algebra1
(biblatex)                and rerun LaTeX afterwards.

Package logreq Info: Writing requests to 'algebra1.run.xml'.
\openout1 = `algebra1.run.xml'.

 ) 
Here is how much of TeX's memory you used:
 25359 strings out of 493013
 479942 string characters out of 6135683
 894902 words of memory out of 5000000
 28243 multiletter control sequences out of 15000+600000
 20291 words of font info for 126 fonts, out of 8000000 for 9000
 1141 hyphenation exceptions out of 8191
 61i,15n,82p,945b,1853s stack positions out of 5000i,500n,10000p,200000b,80000s
{/usr/share/texlive/texmf-dist/fonts/enc/dvips/base/8r.enc}</usr/share/texliv
e/texmf-dist/fonts/type1/public/amsfonts/cm/cmbx10.pfb></usr/share/texlive/texm
f-dist/fonts/type1/public/amsfonts/cm/cmbx12.pfb></usr/share/texlive/texmf-dist
/fonts/type1/public/amsfonts/cm/cmcsc10.pfb></usr/share/texlive/texmf-dist/font
s/type1/public/amsfonts/cm/cmex10.pfb></usr/share/texlive/texmf-dist/fonts/type
1/public/amsfonts/cmextra/cmex7.pfb></usr/share/texlive/texmf-dist/fonts/type1/
public/amsfonts/cm/cmmi10.pfb></usr/share/texlive/texmf-dist/fonts/type1/public
/amsfonts/cm/cmmi12.pfb></usr/share/texlive/texmf-dist/fonts/type1/public/amsfo
nts/cm/cmmi5.pfb></usr/share/texlive/texmf-dist/fonts/type1/public/amsfonts/cm/
cmmi7.pfb></usr/share/texlive/texmf-dist/fonts/type1/public/amsfonts/cm/cmmi8.p
fb></usr/share/texlive/texmf-dist/fonts/type1/public/amsfonts/cm/cmr10.pfb></us
r/share/texlive/texmf-dist/fonts/type1/public/amsfonts/cm/cmr12.pfb></usr/share
/texlive/texmf-dist/fonts/type1/public/amsfonts/cm/cmr5.pfb></usr/share/texlive
/texmf-dist/fonts/type1/public/amsfonts/cm/cmr7.pfb></usr/share/texlive/texmf-d
ist/fonts/type1/public/amsfonts/cm/cmsy10.pfb></usr/share/texlive/texmf-dist/fo
nts/type1/public/amsfonts/cm/cmsy5.pfb></usr/share/texlive/texmf-dist/fonts/typ
e1/public/amsfonts/cm/cmsy7.pfb></usr/share/texlive/texmf-dist/fonts/type1/publ
ic/amsfonts/cm/cmti10.pfb></usr/share/texlive/texmf-dist/fonts/type1/public/ams
fonts/symbols/msbm10.pfb></usr/share/texlive/texmf-dist/fonts/type1/public/amsf
onts/symbols/msbm7.pfb></usr/share/texlive/texmf-dist/fonts/type1/urw/palatino/
uplbi8a.pfb>
Output written on algebra1.pdf (98 pages, 796403 bytes).
PDF statistics:
 414 PDF objects out of 1000 (max. 8388607)
 286 compressed objects within 3 object streams
 0 named destinations out of 1000 (max. 500000)
 14876 words of extra memory for PDF output out of 17280 (max. 10000000)

